{"/Volumes/SSD_Storage2TB/Users/luisnomad/Projects/SubScript/src/components/domains/AddDomainDialog.tsx": {"path":"/Volumes/SSD_Storage2TB/Users/luisnomad/Projects/SubScript/src/components/domains/AddDomainDialog.tsx","statementMap":{"0":{"start":{"line":55,"column":42},"end":{"line":65,"column":null}},"1":{"start":{"line":71,"column":16},"end":{"line":71,"column":null}},"2":{"start":{"line":72,"column":32},"end":{"line":72,"column":null}},"3":{"start":{"line":73,"column":24},"end":{"line":73,"column":null}},"4":{"start":{"line":76,"column":4},"end":{"line":76,"column":null}},"5":{"start":{"line":83,"column":4},"end":{"line":83,"column":null}},"6":{"start":{"line":84,"column":4},"end":{"line":84,"column":null}},"7":{"start":{"line":86,"column":4},"end":{"line":115,"column":null}},"8":{"start":{"line":87,"column":6},"end":{"line":100,"column":null}},"9":{"start":{"line":102,"column":6},"end":{"line":102,"column":null}},"10":{"start":{"line":103,"column":6},"end":{"line":103,"column":null}},"11":{"start":{"line":104,"column":6},"end":{"line":104,"column":null}},"12":{"start":{"line":105,"column":6},"end":{"line":105,"column":null}},"13":{"start":{"line":107,"column":6},"end":{"line":107,"column":null}},"14":{"start":{"line":108,"column":6},"end":{"line":112,"column":null}},"15":{"start":{"line":114,"column":6},"end":{"line":114,"column":null}},"16":{"start":{"line":118,"column":2},"end":{"line":118,"column":null}},"17":{"start":{"line":125,"column":26},"end":{"line":125,"column":null}},"18":{"start":{"line":126,"column":55},"end":{"line":129,"column":null}},"19":{"start":{"line":131,"column":22},"end":{"line":134,"column":null}},"20":{"start":{"line":134,"column":13},"end":{"line":134,"column":null}},"21":{"start":{"line":134,"column":31},"end":{"line":134,"column":57}},"22":{"start":{"line":136,"column":2},"end":{"line":166,"column":null}},"23":{"start":{"line":147,"column":12},"end":{"line":147,"column":null}},"24":{"start":{"line":155,"column":29},"end":{"line":155,"column":null}},"25":{"start":{"line":182,"column":2},"end":{"line":215,"column":null}},"26":{"start":{"line":200,"column":45},"end":{"line":200,"column":null}},"27":{"start":{"line":201,"column":44},"end":{"line":201,"column":null}},"28":{"start":{"line":202,"column":39},"end":{"line":202,"column":null}},"29":{"start":{"line":203,"column":43},"end":{"line":203,"column":null}},"30":{"start":{"line":204,"column":45},"end":{"line":204,"column":null}},"31":{"start":{"line":205,"column":51},"end":{"line":205,"column":null}},"32":{"start":{"line":206,"column":45},"end":{"line":206,"column":null}},"33":{"start":{"line":211,"column":32},"end":{"line":211,"column":null}}},"fnMap":{"0":{"name":"useAddDomainForm","decl":{"start":{"line":67,"column":9},"end":{"line":67,"column":null}},"loc":{"start":{"line":70,"column":23},"end":{"line":119,"column":null}},"line":70},"1":{"name":"resetForm","decl":{"start":{"line":75,"column":11},"end":{"line":75,"column":29}},"loc":{"start":{"line":75,"column":29},"end":{"line":77,"column":null}},"line":75},"2":{"name":"handleSubmit","decl":{"start":{"line":79,"column":17},"end":{"line":79,"column":null}},"loc":{"start":{"line":82,"column":19},"end":{"line":116,"column":null}},"line":82},"3":{"name":"AddDomainDialog","decl":{"start":{"line":121,"column":16},"end":{"line":121,"column":32}},"loc":{"start":{"line":124,"column":39},"end":{"line":168,"column":null}},"line":124},"4":{"name":"(anonymous_4)","decl":{"start":{"line":131,"column":22},"end":{"line":131,"column":null}},"loc":{"start":{"line":134,"column":13},"end":{"line":134,"column":null}},"line":134},"5":{"name":"(anonymous_5)","decl":{"start":{"line":134,"column":22},"end":{"line":134,"column":31}},"loc":{"start":{"line":134,"column":31},"end":{"line":134,"column":57}},"line":134},"6":{"name":"(anonymous_6)","decl":{"start":{"line":146,"column":20},"end":{"line":146,"column":25}},"loc":{"start":{"line":146,"column":25},"end":{"line":148,"column":null}},"line":146},"7":{"name":"(anonymous_7)","decl":{"start":{"line":155,"column":23},"end":{"line":155,"column":29}},"loc":{"start":{"line":155,"column":29},"end":{"line":155,"column":null}},"line":155},"8":{"name":"AddDomainDialogContent","decl":{"start":{"line":178,"column":9},"end":{"line":178,"column":32}},"loc":{"start":{"line":181,"column":46},"end":{"line":217,"column":null}},"line":181},"9":{"name":"(anonymous_9)","decl":{"start":{"line":200,"column":30},"end":{"line":200,"column":31}},"loc":{"start":{"line":200,"column":45},"end":{"line":200,"column":null}},"line":200},"10":{"name":"(anonymous_10)","decl":{"start":{"line":201,"column":29},"end":{"line":201,"column":30}},"loc":{"start":{"line":201,"column":44},"end":{"line":201,"column":null}},"line":201},"11":{"name":"(anonymous_11)","decl":{"start":{"line":202,"column":24},"end":{"line":202,"column":25}},"loc":{"start":{"line":202,"column":39},"end":{"line":202,"column":null}},"line":202},"12":{"name":"(anonymous_12)","decl":{"start":{"line":203,"column":28},"end":{"line":203,"column":29}},"loc":{"start":{"line":203,"column":43},"end":{"line":203,"column":null}},"line":203},"13":{"name":"(anonymous_13)","decl":{"start":{"line":204,"column":30},"end":{"line":204,"column":31}},"loc":{"start":{"line":204,"column":45},"end":{"line":204,"column":null}},"line":204},"14":{"name":"(anonymous_14)","decl":{"start":{"line":205,"column":36},"end":{"line":205,"column":37}},"loc":{"start":{"line":205,"column":51},"end":{"line":205,"column":null}},"line":205},"15":{"name":"(anonymous_15)","decl":{"start":{"line":206,"column":29},"end":{"line":206,"column":30}},"loc":{"start":{"line":206,"column":45},"end":{"line":206,"column":null}},"line":206},"16":{"name":"(anonymous_16)","decl":{"start":{"line":211,"column":27},"end":{"line":211,"column":32}},"loc":{"start":{"line":211,"column":32},"end":{"line":211,"column":null}},"line":211}},"branchMap":{"0":{"loc":{"start":{"line":69,"column":2},"end":{"line":69,"column":null}},"type":"default-arg","locations":[{"start":{"line":69,"column":13},"end":{"line":69,"column":null}}],"line":69},"1":{"loc":{"start":{"line":90,"column":21},"end":{"line":90,"column":null}},"type":"binary-expr","locations":[{"start":{"line":90,"column":21},"end":{"line":90,"column":40}},{"start":{"line":90,"column":40},"end":{"line":90,"column":null}}],"line":90},"2":{"loc":{"start":{"line":91,"column":16},"end":{"line":91,"column":null}},"type":"cond-expr","locations":[{"start":{"line":91,"column":29},"end":{"line":91,"column":54}},{"start":{"line":91,"column":54},"end":{"line":91,"column":null}}],"line":91},"3":{"loc":{"start":{"line":92,"column":20},"end":{"line":92,"column":null}},"type":"binary-expr","locations":[{"start":{"line":92,"column":20},"end":{"line":92,"column":38}},{"start":{"line":92,"column":38},"end":{"line":92,"column":null}}],"line":92},"4":{"loc":{"start":{"line":94,"column":28},"end":{"line":94,"column":null}},"type":"binary-expr","locations":[{"start":{"line":94,"column":28},"end":{"line":94,"column":54}},{"start":{"line":94,"column":54},"end":{"line":94,"column":null}}],"line":94},"5":{"loc":{"start":{"line":97,"column":17},"end":{"line":97,"column":null}},"type":"binary-expr","locations":[{"start":{"line":97,"column":17},"end":{"line":97,"column":32}},{"start":{"line":97,"column":32},"end":{"line":97,"column":null}}],"line":97},"6":{"loc":{"start":{"line":123,"column":2},"end":{"line":123,"column":null}},"type":"default-arg","locations":[{"start":{"line":123,"column":13},"end":{"line":123,"column":null}}],"line":123},"7":{"loc":{"start":{"line":161,"column":15},"end":{"line":161,"column":null}},"type":"cond-expr","locations":[{"start":{"line":161,"column":27},"end":{"line":161,"column":41}},{"start":{"line":161,"column":41},"end":{"line":161,"column":null}}],"line":161}},"s":{"0":1,"1":4,"2":4,"3":4,"4":0,"5":0,"6":0,"7":0,"8":0,"9":0,"10":0,"11":0,"12":0,"13":0,"14":0,"15":0,"16":4,"17":4,"18":4,"19":4,"20":0,"21":0,"22":4,"23":0,"24":0,"25":0,"26":0,"27":0,"28":0,"29":0,"30":0,"31":0,"32":0,"33":0},"f":{"0":4,"1":0,"2":0,"3":4,"4":0,"5":0,"6":0,"7":0,"8":0,"9":0,"10":0,"11":0,"12":0,"13":0,"14":0,"15":0,"16":0},"b":{"0":[4],"1":[0,0],"2":[0,0],"3":[0,0],"4":[0,0],"5":[0,0],"6":[4],"7":[0,4]},"meta":{"lastBranch":8,"lastFunction":17,"lastStatement":34,"seen":{"s:55:42:65:Infinity":0,"f:67:9:67:Infinity":0,"b:69:13:69:Infinity":0,"s:71:16:71:Infinity":1,"s:72:32:72:Infinity":2,"s:73:24:73:Infinity":3,"f:75:11:75:29":1,"s:76:4:76:Infinity":4,"f:79:17:79:Infinity":2,"s:83:4:83:Infinity":5,"s:84:4:84:Infinity":6,"s:86:4:115:Infinity":7,"s:87:6:100:Infinity":8,"b:90:21:90:40:90:40:90:Infinity":1,"b:91:29:91:54:91:54:91:Infinity":2,"b:92:20:92:38:92:38:92:Infinity":3,"b:94:28:94:54:94:54:94:Infinity":4,"b:97:17:97:32:97:32:97:Infinity":5,"s:102:6:102:Infinity":9,"s:103:6:103:Infinity":10,"s:104:6:104:Infinity":11,"s:105:6:105:Infinity":12,"s:107:6:107:Infinity":13,"s:108:6:112:Infinity":14,"s:114:6:114:Infinity":15,"s:118:2:118:Infinity":16,"f:121:16:121:32":3,"b:123:13:123:Infinity":6,"s:125:26:125:Infinity":17,"s:126:55:129:Infinity":18,"s:131:22:134:Infinity":19,"f:131:22:131:Infinity":4,"s:134:13:134:Infinity":20,"f:134:22:134:31":5,"s:134:31:134:57":21,"s:136:2:166:Infinity":22,"f:146:20:146:25":6,"s:147:12:147:Infinity":23,"f:155:23:155:29":7,"s:155:29:155:Infinity":24,"b:161:27:161:41:161:41:161:Infinity":7,"f:178:9:178:32":8,"s:182:2:215:Infinity":25,"f:200:30:200:31":9,"s:200:45:200:Infinity":26,"f:201:29:201:30":10,"s:201:44:201:Infinity":27,"f:202:24:202:25":11,"s:202:39:202:Infinity":28,"f:203:28:203:29":12,"s:203:43:203:Infinity":29,"f:204:30:204:31":13,"s:204:45:204:Infinity":30,"f:205:36:205:37":14,"s:205:51:205:Infinity":31,"f:206:29:206:30":15,"s:206:45:206:Infinity":32,"f:211:27:211:32":16,"s:211:32:211:Infinity":33}}}
,"/Volumes/SSD_Storage2TB/Users/luisnomad/Projects/SubScript/src/components/domains/DomainCard.tsx": {"path":"/Volumes/SSD_Storage2TB/Users/luisnomad/Projects/SubScript/src/components/domains/DomainCard.tsx","statementMap":{"0":{"start":{"line":28,"column":23},"end":{"line":28,"column":null}},"1":{"start":{"line":29,"column":18},"end":{"line":29,"column":null}},"2":{"start":{"line":36,"column":16},"end":{"line":36,"column":null}},"3":{"start":{"line":37,"column":34},"end":{"line":37,"column":null}},"4":{"start":{"line":38,"column":50},"end":{"line":38,"column":null}},"5":{"start":{"line":41,"column":4},"end":{"line":41,"column":null}},"6":{"start":{"line":41,"column":20},"end":{"line":41,"column":null}},"7":{"start":{"line":43,"column":4},"end":{"line":43,"column":null}},"8":{"start":{"line":44,"column":4},"end":{"line":60,"column":null}},"9":{"start":{"line":45,"column":6},"end":{"line":45,"column":null}},"10":{"start":{"line":46,"column":6},"end":{"line":49,"column":null}},"11":{"start":{"line":50,"column":6},"end":{"line":50,"column":null}},"12":{"start":{"line":51,"column":6},"end":{"line":51,"column":null}},"13":{"start":{"line":53,"column":6},"end":{"line":57,"column":null}},"14":{"start":{"line":59,"column":6},"end":{"line":59,"column":null}},"15":{"start":{"line":63,"column":20},"end":{"line":65,"column":null}},"16":{"start":{"line":67,"column":2},"end":{"line":174,"column":null}},"17":{"start":{"line":103,"column":57},"end":{"line":103,"column":87}},"18":{"start":{"line":108,"column":33},"end":{"line":108,"column":null}}},"fnMap":{"0":{"name":"DomainCard","decl":{"start":{"line":31,"column":16},"end":{"line":31,"column":27}},"loc":{"start":{"line":35,"column":34},"end":{"line":176,"column":null}},"line":35},"1":{"name":"handleDelete","decl":{"start":{"line":40,"column":17},"end":{"line":40,"column":47}},"loc":{"start":{"line":40,"column":47},"end":{"line":61,"column":null}},"line":40},"2":{"name":"(anonymous_2)","decl":{"start":{"line":103,"column":51},"end":{"line":103,"column":57}},"loc":{"start":{"line":103,"column":57},"end":{"line":103,"column":87}},"line":103},"3":{"name":"(anonymous_3)","decl":{"start":{"line":108,"column":27},"end":{"line":108,"column":33}},"loc":{"start":{"line":108,"column":33},"end":{"line":108,"column":null}},"line":108}},"branchMap":{"0":{"loc":{"start":{"line":34,"column":2},"end":{"line":34,"column":null}},"type":"default-arg","locations":[{"start":{"line":34,"column":13},"end":{"line":34,"column":null}}],"line":34},"1":{"loc":{"start":{"line":41,"column":4},"end":{"line":41,"column":null}},"type":"if","locations":[{"start":{"line":41,"column":4},"end":{"line":41,"column":null}},{"start":{},"end":{}}],"line":41},"2":{"loc":{"start":{"line":63,"column":20},"end":{"line":65,"column":null}},"type":"cond-expr","locations":[{"start":{"line":64,"column":6},"end":{"line":64,"column":null}},{"start":{"line":65,"column":6},"end":{"line":65,"column":null}}],"line":63},"3":{"loc":{"start":{"line":78,"column":13},"end":{"line":78,"column":null}},"type":"binary-expr","locations":[{"start":{"line":78,"column":13},"end":{"line":78,"column":33}},{"start":{"line":78,"column":33},"end":{"line":78,"column":null}}],"line":78},"4":{"loc":{"start":{"line":111,"column":19},"end":{"line":111,"column":null}},"type":"cond-expr","locations":[{"start":{"line":111,"column":32},"end":{"line":111,"column":48}},{"start":{"line":111,"column":48},"end":{"line":111,"column":null}}],"line":111},"5":{"loc":{"start":{"line":120,"column":9},"end":{"line":123,"column":null}},"type":"binary-expr","locations":[{"start":{"line":120,"column":9},"end":{"line":120,"column":null}},{"start":{"line":121,"column":10},"end":{"line":123,"column":null}}],"line":120},"6":{"loc":{"start":{"line":129,"column":11},"end":{"line":135,"column":null}},"type":"binary-expr","locations":[{"start":{"line":129,"column":11},"end":{"line":129,"column":null}},{"start":{"line":130,"column":12},"end":{"line":135,"column":null}}],"line":129},"7":{"loc":{"start":{"line":132,"column":14},"end":{"line":132,"column":null}},"type":"cond-expr","locations":[{"start":{"line":132,"column":32},"end":{"line":132,"column":64}},{"start":{"line":132,"column":64},"end":{"line":132,"column":null}}],"line":132},"8":{"loc":{"start":{"line":134,"column":15},"end":{"line":134,"column":null}},"type":"cond-expr","locations":[{"start":{"line":134,"column":32},"end":{"line":134,"column":44}},{"start":{"line":134,"column":44},"end":{"line":134,"column":null}}],"line":134},"9":{"loc":{"start":{"line":142,"column":12},"end":{"line":146,"column":null}},"type":"cond-expr","locations":[{"start":{"line":143,"column":16},"end":{"line":143,"column":null}},{"start":{"line":144,"column":16},"end":{"line":146,"column":null}}],"line":142},"10":{"loc":{"start":{"line":144,"column":16},"end":{"line":146,"column":null}},"type":"cond-expr","locations":[{"start":{"line":145,"column":16},"end":{"line":145,"column":null}},{"start":{"line":146,"column":16},"end":{"line":146,"column":null}}],"line":144},"11":{"loc":{"start":{"line":150,"column":14},"end":{"line":150,"column":null}},"type":"cond-expr","locations":[{"start":{"line":150,"column":43},"end":{"line":150,"column":60}},{"start":{"line":150,"column":60},"end":{"line":150,"column":null}}],"line":150},"12":{"loc":{"start":{"line":150,"column":60},"end":{"line":150,"column":null}},"type":"cond-expr","locations":[{"start":{"line":150,"column":90},"end":{"line":150,"column":107}},{"start":{"line":150,"column":107},"end":{"line":150,"column":null}}],"line":150},"13":{"loc":{"start":{"line":155,"column":11},"end":{"line":159,"column":null}},"type":"binary-expr","locations":[{"start":{"line":155,"column":11},"end":{"line":155,"column":null}},{"start":{"line":156,"column":12},"end":{"line":159,"column":null}}],"line":155},"14":{"loc":{"start":{"line":164,"column":7},"end":{"line":172,"column":null}},"type":"binary-expr","locations":[{"start":{"line":164,"column":7},"end":{"line":164,"column":null}},{"start":{"line":165,"column":8},"end":{"line":172,"column":null}}],"line":164}},"s":{"0":2,"1":2,"2":5,"3":5,"4":5,"5":0,"6":0,"7":0,"8":0,"9":0,"10":0,"11":0,"12":0,"13":0,"14":0,"15":5,"16":5,"17":0,"18":0},"f":{"0":5,"1":0,"2":0,"3":0},"b":{"0":[5],"1":[0,0],"2":[5,0],"3":[5,0],"4":[0,5],"5":[5,5],"6":[5,5],"7":[5,0],"8":[5,0],"9":[5,0],"10":[0,0],"11":[5,0],"12":[0,0],"13":[5,4],"14":[5,1]},"meta":{"lastBranch":15,"lastFunction":4,"lastStatement":19,"seen":{"s:28:23:28:Infinity":0,"s:29:18:29:Infinity":1,"f:31:16:31:27":0,"b:34:13:34:Infinity":0,"s:36:16:36:Infinity":2,"s:37:34:37:Infinity":3,"s:38:50:38:Infinity":4,"f:40:17:40:47":1,"b:41:4:41:Infinity:undefined:undefined:undefined:undefined":1,"s:41:4:41:Infinity":5,"s:41:20:41:Infinity":6,"s:43:4:43:Infinity":7,"s:44:4:60:Infinity":8,"s:45:6:45:Infinity":9,"s:46:6:49:Infinity":10,"s:50:6:50:Infinity":11,"s:51:6:51:Infinity":12,"s:53:6:57:Infinity":13,"s:59:6:59:Infinity":14,"s:63:20:65:Infinity":15,"b:64:6:64:Infinity:65:6:65:Infinity":2,"s:67:2:174:Infinity":16,"b:78:13:78:33:78:33:78:Infinity":3,"f:103:51:103:57":2,"s:103:57:103:87":17,"f:108:27:108:33":3,"s:108:33:108:Infinity":18,"b:111:32:111:48:111:48:111:Infinity":4,"b:120:9:120:Infinity:121:10:123:Infinity":5,"b:129:11:129:Infinity:130:12:135:Infinity":6,"b:132:32:132:64:132:64:132:Infinity":7,"b:134:32:134:44:134:44:134:Infinity":8,"b:143:16:143:Infinity:144:16:146:Infinity":9,"b:145:16:145:Infinity:146:16:146:Infinity":10,"b:150:43:150:60:150:60:150:Infinity":11,"b:150:90:150:107:150:107:150:Infinity":12,"b:155:11:155:Infinity:156:12:159:Infinity":13,"b:164:7:164:Infinity:165:8:172:Infinity":14}}}
,"/Volumes/SSD_Storage2TB/Users/luisnomad/Projects/SubScript/src/components/domains/DomainsView.tsx": {"path":"/Volumes/SSD_Storage2TB/Users/luisnomad/Projects/SubScript/src/components/domains/DomainsView.tsx","statementMap":{"0":{"start":{"line":24,"column":28},"end":{"line":24,"column":null}},"1":{"start":{"line":25,"column":32},"end":{"line":25,"column":null}},"2":{"start":{"line":28,"column":36},"end":{"line":28,"column":null}},"3":{"start":{"line":29,"column":38},"end":{"line":29,"column":null}},"4":{"start":{"line":30,"column":32},"end":{"line":30,"column":null}},"5":{"start":{"line":31,"column":32},"end":{"line":31,"column":null}},"6":{"start":{"line":33,"column":2},"end":{"line":35,"column":null}},"7":{"start":{"line":34,"column":4},"end":{"line":34,"column":null}},"8":{"start":{"line":38,"column":4},"end":{"line":46,"column":null}},"9":{"start":{"line":39,"column":6},"end":{"line":39,"column":null}},"10":{"start":{"line":40,"column":19},"end":{"line":40,"column":null}},"11":{"start":{"line":41,"column":6},"end":{"line":41,"column":null}},"12":{"start":{"line":43,"column":6},"end":{"line":43,"column":null}},"13":{"start":{"line":45,"column":6},"end":{"line":45,"column":null}},"14":{"start":{"line":49,"column":8},"end":{"line":70,"column":null}},"15":{"start":{"line":50,"column":4},"end":{"line":69,"column":null}},"16":{"start":{"line":52,"column":30},"end":{"line":53,"column":null}},"17":{"start":{"line":54,"column":30},"end":{"line":54,"column":null}},"18":{"start":{"line":55,"column":8},"end":{"line":55,"column":null}},"19":{"start":{"line":58,"column":25},"end":{"line":58,"column":null}},"20":{"start":{"line":59,"column":8},"end":{"line":67,"column":null}},"21":{"start":{"line":60,"column":10},"end":{"line":60,"column":null}},"22":{"start":{"line":61,"column":8},"end":{"line":67,"column":null}},"23":{"start":{"line":62,"column":10},"end":{"line":62,"column":null}},"24":{"start":{"line":63,"column":8},"end":{"line":67,"column":null}},"25":{"start":{"line":64,"column":10},"end":{"line":64,"column":null}},"26":{"start":{"line":65,"column":8},"end":{"line":67,"column":null}},"27":{"start":{"line":66,"column":10},"end":{"line":66,"column":null}},"28":{"start":{"line":68,"column":8},"end":{"line":68,"column":null}},"29":{"start":{"line":72,"column":2},"end":{"line":74,"column":null}},"30":{"start":{"line":73,"column":4},"end":{"line":73,"column":null}},"31":{"start":{"line":76,"column":2},"end":{"line":108,"column":null}},"32":{"start":{"line":80,"column":10},"end":{"line":80,"column":null}},"33":{"start":{"line":97,"column":14},"end":{"line":103,"column":null}},"34":{"start":{"line":101,"column":18},"end":{"line":101,"column":null}},"35":{"start":{"line":113,"column":2},"end":{"line":119,"column":null}},"36":{"start":{"line":146,"column":2},"end":{"line":217,"column":null}},"37":{"start":{"line":170,"column":31},"end":{"line":170,"column":null}},"38":{"start":{"line":207,"column":31},"end":{"line":207,"column":null}},"39":{"start":{"line":222,"column":2},"end":{"line":230,"column":null}}},"fnMap":{"0":{"name":"DomainsView","decl":{"start":{"line":23,"column":16},"end":{"line":23,"column":44}},"loc":{"start":{"line":23,"column":44},"end":{"line":110,"column":null}},"line":23},"1":{"name":"(anonymous_1)","decl":{"start":{"line":33,"column":12},"end":{"line":33,"column":18}},"loc":{"start":{"line":33,"column":18},"end":{"line":35,"column":5}},"line":33},"2":{"name":"loadDomains","decl":{"start":{"line":37,"column":17},"end":{"line":37,"column":46}},"loc":{"start":{"line":37,"column":46},"end":{"line":47,"column":null}},"line":37},"3":{"name":"(anonymous_3)","decl":{"start":{"line":49,"column":43},"end":{"line":49,"column":49}},"loc":{"start":{"line":49,"column":49},"end":{"line":70,"column":5}},"line":49},"4":{"name":"(anonymous_4)","decl":{"start":{"line":51,"column":14},"end":{"line":51,"column":24}},"loc":{"start":{"line":51,"column":24},"end":{"line":56,"column":7}},"line":51},"5":{"name":"(anonymous_5)","decl":{"start":{"line":57,"column":12},"end":{"line":57,"column":13}},"loc":{"start":{"line":57,"column":22},"end":{"line":69,"column":7}},"line":57},"6":{"name":"(anonymous_6)","decl":{"start":{"line":79,"column":23},"end":{"line":79,"column":29}},"loc":{"start":{"line":79,"column":29},"end":{"line":81,"column":null}},"line":79},"7":{"name":"(anonymous_7)","decl":{"start":{"line":96,"column":42},"end":{"line":96,"column":null}},"loc":{"start":{"line":97,"column":14},"end":{"line":103,"column":null}},"line":97},"8":{"name":"(anonymous_8)","decl":{"start":{"line":100,"column":27},"end":{"line":100,"column":33}},"loc":{"start":{"line":100,"column":33},"end":{"line":102,"column":null}},"line":100},"9":{"name":"LoadingState","decl":{"start":{"line":112,"column":9},"end":{"line":112,"column":38}},"loc":{"start":{"line":112,"column":38},"end":{"line":121,"column":null}},"line":112},"10":{"name":"DomainsHeader","decl":{"start":{"line":135,"column":9},"end":{"line":135,"column":23}},"loc":{"start":{"line":145,"column":37},"end":{"line":219,"column":null}},"line":145},"11":{"name":"(anonymous_11)","decl":{"start":{"line":170,"column":26},"end":{"line":170,"column":31}},"loc":{"start":{"line":170,"column":31},"end":{"line":170,"column":null}},"line":170},"12":{"name":"(anonymous_12)","decl":{"start":{"line":207,"column":25},"end":{"line":207,"column":31}},"loc":{"start":{"line":207,"column":31},"end":{"line":207,"column":null}},"line":207},"13":{"name":"EmptyState","decl":{"start":{"line":221,"column":9},"end":{"line":221,"column":20}},"loc":{"start":{"line":221,"column":75},"end":{"line":232,"column":null}},"line":221}},"branchMap":{"0":{"loc":{"start":{"line":52,"column":30},"end":{"line":53,"column":null}},"type":"binary-expr","locations":[{"start":{"line":52,"column":30},"end":{"line":52,"column":null}},{"start":{"line":53,"column":11},"end":{"line":53,"column":82}},{"start":{"line":53,"column":82},"end":{"line":53,"column":null}}],"line":52},"1":{"loc":{"start":{"line":54,"column":30},"end":{"line":54,"column":null}},"type":"binary-expr","locations":[{"start":{"line":54,"column":30},"end":{"line":54,"column":56}},{"start":{"line":54,"column":56},"end":{"line":54,"column":null}}],"line":54},"2":{"loc":{"start":{"line":55,"column":15},"end":{"line":55,"column":null}},"type":"binary-expr","locations":[{"start":{"line":55,"column":15},"end":{"line":55,"column":32}},{"start":{"line":55,"column":32},"end":{"line":55,"column":null}}],"line":55},"3":{"loc":{"start":{"line":59,"column":8},"end":{"line":67,"column":null}},"type":"if","locations":[{"start":{"line":59,"column":8},"end":{"line":67,"column":null}},{"start":{"line":61,"column":8},"end":{"line":67,"column":null}}],"line":59},"4":{"loc":{"start":{"line":61,"column":8},"end":{"line":67,"column":null}},"type":"if","locations":[{"start":{"line":61,"column":8},"end":{"line":67,"column":null}},{"start":{"line":63,"column":8},"end":{"line":67,"column":null}}],"line":61},"5":{"loc":{"start":{"line":62,"column":24},"end":{"line":62,"column":43}},"type":"binary-expr","locations":[{"start":{"line":62,"column":24},"end":{"line":62,"column":39}},{"start":{"line":62,"column":39},"end":{"line":62,"column":43}}],"line":62},"6":{"loc":{"start":{"line":62,"column":57},"end":{"line":62,"column":74}},"type":"binary-expr","locations":[{"start":{"line":62,"column":57},"end":{"line":62,"column":72}},{"start":{"line":62,"column":72},"end":{"line":62,"column":74}}],"line":62},"7":{"loc":{"start":{"line":63,"column":8},"end":{"line":67,"column":null}},"type":"if","locations":[{"start":{"line":63,"column":8},"end":{"line":67,"column":null}},{"start":{"line":65,"column":8},"end":{"line":67,"column":null}}],"line":63},"8":{"loc":{"start":{"line":64,"column":24},"end":{"line":64,"column":40}},"type":"binary-expr","locations":[{"start":{"line":64,"column":24},"end":{"line":64,"column":34}},{"start":{"line":64,"column":34},"end":{"line":64,"column":40}}],"line":64},"9":{"loc":{"start":{"line":64,"column":40},"end":{"line":64,"column":null}},"type":"binary-expr","locations":[{"start":{"line":64,"column":40},"end":{"line":64,"column":50}},{"start":{"line":64,"column":50},"end":{"line":64,"column":null}}],"line":64},"10":{"loc":{"start":{"line":65,"column":8},"end":{"line":67,"column":null}},"type":"if","locations":[{"start":{"line":65,"column":8},"end":{"line":67,"column":null}},{"start":{},"end":{}}],"line":65},"11":{"loc":{"start":{"line":68,"column":15},"end":{"line":68,"column":null}},"type":"cond-expr","locations":[{"start":{"line":68,"column":37},"end":{"line":68,"column":50}},{"start":{"line":68,"column":50},"end":{"line":68,"column":null}}],"line":68},"12":{"loc":{"start":{"line":72,"column":2},"end":{"line":74,"column":null}},"type":"if","locations":[{"start":{"line":72,"column":2},"end":{"line":74,"column":null}},{"start":{},"end":{}}],"line":72},"13":{"loc":{"start":{"line":92,"column":9},"end":{"line":105,"column":null}},"type":"cond-expr","locations":[{"start":{"line":93,"column":10},"end":{"line":93,"column":null}},{"start":{"line":95,"column":10},"end":{"line":105,"column":null}}],"line":92},"14":{"loc":{"start":{"line":93,"column":34},"end":{"line":93,"column":80}},"type":"binary-expr","locations":[{"start":{"line":93,"column":34},"end":{"line":93,"column":56}},{"start":{"line":93,"column":56},"end":{"line":93,"column":80}}],"line":93},"15":{"loc":{"start":{"line":207,"column":49},"end":{"line":207,"column":85}},"type":"cond-expr","locations":[{"start":{"line":207,"column":71},"end":{"line":207,"column":80}},{"start":{"line":207,"column":80},"end":{"line":207,"column":85}}],"line":207},"16":{"loc":{"start":{"line":225,"column":9},"end":{"line":225,"column":null}},"type":"cond-expr","locations":[{"start":{"line":225,"column":22},"end":{"line":225,"column":57}},{"start":{"line":225,"column":57},"end":{"line":225,"column":null}}],"line":225},"17":{"loc":{"start":{"line":228,"column":9},"end":{"line":228,"column":null}},"type":"cond-expr","locations":[{"start":{"line":228,"column":22},"end":{"line":228,"column":64}},{"start":{"line":228,"column":64},"end":{"line":228,"column":null}}],"line":228}},"s":{"0":8,"1":8,"2":8,"3":8,"4":8,"5":8,"6":8,"7":4,"8":4,"9":4,"10":4,"11":3,"12":0,"13":3,"14":8,"15":8,"16":5,"17":5,"18":5,"19":1,"20":1,"21":0,"22":1,"23":0,"24":1,"25":0,"26":1,"27":1,"28":1,"29":8,"30":4,"31":4,"32":0,"33":4,"34":0,"35":4,"36":4,"37":1,"38":0,"39":1},"f":{"0":8,"1":4,"2":4,"3":8,"4":5,"5":1,"6":0,"7":4,"8":0,"9":4,"10":4,"11":1,"12":0,"13":1},"b":{"0":[5,1,0],"1":[5,0],"2":[5,4],"3":[0,1],"4":[0,1],"5":[0,0],"6":[0,0],"7":[0,1],"8":[0,0],"9":[0,0],"10":[1,0],"11":[1,0],"12":[4,4],"13":[1,3],"14":[1,1],"15":[0,0],"16":[0,1],"17":[0,1]},"meta":{"lastBranch":18,"lastFunction":14,"lastStatement":40,"seen":{"f:23:16:23:44":0,"s:24:28:24:Infinity":0,"s:25:32:25:Infinity":1,"s:28:36:28:Infinity":2,"s:29:38:29:Infinity":3,"s:30:32:30:Infinity":4,"s:31:32:31:Infinity":5,"s:33:2:35:Infinity":6,"f:33:12:33:18":1,"s:34:4:34:Infinity":7,"f:37:17:37:46":2,"s:38:4:46:Infinity":8,"s:39:6:39:Infinity":9,"s:40:19:40:Infinity":10,"s:41:6:41:Infinity":11,"s:43:6:43:Infinity":12,"s:45:6:45:Infinity":13,"s:49:8:70:Infinity":14,"f:49:43:49:49":3,"s:50:4:69:Infinity":15,"f:51:14:51:24":4,"s:52:30:53:Infinity":16,"b:52:30:52:Infinity:53:11:53:82:53:82:53:Infinity":0,"s:54:30:54:Infinity":17,"b:54:30:54:56:54:56:54:Infinity":1,"s:55:8:55:Infinity":18,"b:55:15:55:32:55:32:55:Infinity":2,"f:57:12:57:13":5,"s:58:25:58:Infinity":19,"b:59:8:67:Infinity:61:8:67:Infinity":3,"s:59:8:67:Infinity":20,"s:60:10:60:Infinity":21,"b:61:8:67:Infinity:63:8:67:Infinity":4,"s:61:8:67:Infinity":22,"s:62:10:62:Infinity":23,"b:62:24:62:39:62:39:62:43":5,"b:62:57:62:72:62:72:62:74":6,"b:63:8:67:Infinity:65:8:67:Infinity":7,"s:63:8:67:Infinity":24,"s:64:10:64:Infinity":25,"b:64:24:64:34:64:34:64:40":8,"b:64:40:64:50:64:50:64:Infinity":9,"b:65:8:67:Infinity:undefined:undefined:undefined:undefined":10,"s:65:8:67:Infinity":26,"s:66:10:66:Infinity":27,"s:68:8:68:Infinity":28,"b:68:37:68:50:68:50:68:Infinity":11,"b:72:2:74:Infinity:undefined:undefined:undefined:undefined":12,"s:72:2:74:Infinity":29,"s:73:4:73:Infinity":30,"s:76:2:108:Infinity":31,"f:79:23:79:29":6,"s:80:10:80:Infinity":32,"b:93:10:93:Infinity:95:10:105:Infinity":13,"b:93:34:93:56:93:56:93:80":14,"f:96:42:96:Infinity":7,"s:97:14:103:Infinity":33,"f:100:27:100:33":8,"s:101:18:101:Infinity":34,"f:112:9:112:38":9,"s:113:2:119:Infinity":35,"f:135:9:135:23":10,"s:146:2:217:Infinity":36,"f:170:26:170:31":11,"s:170:31:170:Infinity":37,"f:207:25:207:31":12,"s:207:31:207:Infinity":38,"b:207:71:207:80:207:80:207:85":15,"f:221:9:221:20":13,"s:222:2:230:Infinity":39,"b:225:22:225:57:225:57:225:Infinity":16,"b:228:22:228:64:228:64:228:Infinity":17}}}
,"/Volumes/SSD_Storage2TB/Users/luisnomad/Projects/SubScript/src/components/domains/EditDomainDialog.tsx": {"path":"/Volumes/SSD_Storage2TB/Users/luisnomad/Projects/SubScript/src/components/domains/EditDomainDialog.tsx","statementMap":{"0":{"start":{"line":60,"column":16},"end":{"line":60,"column":null}},"1":{"start":{"line":61,"column":32},"end":{"line":61,"column":null}},"2":{"start":{"line":62,"column":24},"end":{"line":72,"column":null}},"3":{"start":{"line":78,"column":4},"end":{"line":78,"column":null}},"4":{"start":{"line":79,"column":4},"end":{"line":79,"column":null}},"5":{"start":{"line":81,"column":4},"end":{"line":113,"column":null}},"6":{"start":{"line":82,"column":6},"end":{"line":96,"column":null}},"7":{"start":{"line":98,"column":6},"end":{"line":101,"column":null}},"8":{"start":{"line":103,"column":6},"end":{"line":103,"column":null}},"9":{"start":{"line":104,"column":6},"end":{"line":104,"column":null}},"10":{"start":{"line":106,"column":6},"end":{"line":110,"column":null}},"11":{"start":{"line":112,"column":6},"end":{"line":112,"column":null}},"12":{"start":{"line":116,"column":2},"end":{"line":121,"column":null}},"13":{"start":{"line":129,"column":26},"end":{"line":129,"column":null}},"14":{"start":{"line":130,"column":55},"end":{"line":134,"column":null}},"15":{"start":{"line":136,"column":2},"end":{"line":203,"column":null}},"16":{"start":{"line":145,"column":29},"end":{"line":145,"column":null}},"17":{"start":{"line":163,"column":16},"end":{"line":163,"column":null}},"18":{"start":{"line":163,"column":34},"end":{"line":163,"column":65}},"19":{"start":{"line":166,"column":16},"end":{"line":166,"column":null}},"20":{"start":{"line":166,"column":34},"end":{"line":166,"column":64}},"21":{"start":{"line":168,"column":37},"end":{"line":168,"column":null}},"22":{"start":{"line":168,"column":55},"end":{"line":168,"column":80}},"23":{"start":{"line":170,"column":16},"end":{"line":170,"column":null}},"24":{"start":{"line":170,"column":34},"end":{"line":170,"column":63}},"25":{"start":{"line":173,"column":16},"end":{"line":173,"column":null}},"26":{"start":{"line":173,"column":34},"end":{"line":173,"column":65}},"27":{"start":{"line":176,"column":16},"end":{"line":176,"column":null}},"28":{"start":{"line":176,"column":34},"end":{"line":176,"column":71}},"29":{"start":{"line":179,"column":16},"end":{"line":179,"column":null}},"30":{"start":{"line":179,"column":34},"end":{"line":179,"column":64}},"31":{"start":{"line":185,"column":38},"end":{"line":185,"column":null}},"32":{"start":{"line":185,"column":56},"end":{"line":185,"column":82}},"33":{"start":{"line":193,"column":29},"end":{"line":193,"column":null}}},"fnMap":{"0":{"name":"useEditDomainForm","decl":{"start":{"line":55,"column":9},"end":{"line":55,"column":null}},"loc":{"start":{"line":59,"column":24},"end":{"line":122,"column":null}},"line":59},"1":{"name":"handleSubmit","decl":{"start":{"line":74,"column":17},"end":{"line":74,"column":null}},"loc":{"start":{"line":77,"column":19},"end":{"line":114,"column":null}},"line":77},"2":{"name":"EditDomainDialog","decl":{"start":{"line":124,"column":16},"end":{"line":124,"column":33}},"loc":{"start":{"line":128,"column":40},"end":{"line":205,"column":null}},"line":128},"3":{"name":"(anonymous_3)","decl":{"start":{"line":145,"column":24},"end":{"line":145,"column":29}},"loc":{"start":{"line":145,"column":29},"end":{"line":145,"column":null}},"line":145},"4":{"name":"(anonymous_4)","decl":{"start":{"line":162,"column":34},"end":{"line":162,"column":null}},"loc":{"start":{"line":163,"column":16},"end":{"line":163,"column":null}},"line":163},"5":{"name":"(anonymous_5)","decl":{"start":{"line":163,"column":25},"end":{"line":163,"column":34}},"loc":{"start":{"line":163,"column":34},"end":{"line":163,"column":65}},"line":163},"6":{"name":"(anonymous_6)","decl":{"start":{"line":165,"column":33},"end":{"line":165,"column":null}},"loc":{"start":{"line":166,"column":16},"end":{"line":166,"column":null}},"line":166},"7":{"name":"(anonymous_7)","decl":{"start":{"line":166,"column":25},"end":{"line":166,"column":34}},"loc":{"start":{"line":166,"column":34},"end":{"line":166,"column":64}},"line":166},"8":{"name":"(anonymous_8)","decl":{"start":{"line":168,"column":28},"end":{"line":168,"column":37}},"loc":{"start":{"line":168,"column":37},"end":{"line":168,"column":null}},"line":168},"9":{"name":"(anonymous_9)","decl":{"start":{"line":168,"column":46},"end":{"line":168,"column":55}},"loc":{"start":{"line":168,"column":55},"end":{"line":168,"column":80}},"line":168},"10":{"name":"(anonymous_10)","decl":{"start":{"line":169,"column":32},"end":{"line":169,"column":null}},"loc":{"start":{"line":170,"column":16},"end":{"line":170,"column":null}},"line":170},"11":{"name":"(anonymous_11)","decl":{"start":{"line":170,"column":25},"end":{"line":170,"column":34}},"loc":{"start":{"line":170,"column":34},"end":{"line":170,"column":63}},"line":170},"12":{"name":"(anonymous_12)","decl":{"start":{"line":172,"column":34},"end":{"line":172,"column":null}},"loc":{"start":{"line":173,"column":16},"end":{"line":173,"column":null}},"line":173},"13":{"name":"(anonymous_13)","decl":{"start":{"line":173,"column":25},"end":{"line":173,"column":34}},"loc":{"start":{"line":173,"column":34},"end":{"line":173,"column":65}},"line":173},"14":{"name":"(anonymous_14)","decl":{"start":{"line":175,"column":40},"end":{"line":175,"column":null}},"loc":{"start":{"line":176,"column":16},"end":{"line":176,"column":null}},"line":176},"15":{"name":"(anonymous_15)","decl":{"start":{"line":176,"column":25},"end":{"line":176,"column":34}},"loc":{"start":{"line":176,"column":34},"end":{"line":176,"column":71}},"line":176},"16":{"name":"(anonymous_16)","decl":{"start":{"line":178,"column":33},"end":{"line":178,"column":null}},"loc":{"start":{"line":179,"column":16},"end":{"line":179,"column":null}},"line":179},"17":{"name":"(anonymous_17)","decl":{"start":{"line":179,"column":25},"end":{"line":179,"column":34}},"loc":{"start":{"line":179,"column":34},"end":{"line":179,"column":64}},"line":179},"18":{"name":"(anonymous_18)","decl":{"start":{"line":185,"column":29},"end":{"line":185,"column":38}},"loc":{"start":{"line":185,"column":38},"end":{"line":185,"column":null}},"line":185},"19":{"name":"(anonymous_19)","decl":{"start":{"line":185,"column":47},"end":{"line":185,"column":56}},"loc":{"start":{"line":185,"column":56},"end":{"line":185,"column":82}},"line":185},"20":{"name":"(anonymous_20)","decl":{"start":{"line":193,"column":23},"end":{"line":193,"column":29}},"loc":{"start":{"line":193,"column":29},"end":{"line":193,"column":null}},"line":193}},"branchMap":{"0":{"loc":{"start":{"line":58,"column":2},"end":{"line":58,"column":null}},"type":"default-arg","locations":[{"start":{"line":58,"column":13},"end":{"line":58,"column":null}}],"line":58},"1":{"loc":{"start":{"line":64,"column":15},"end":{"line":64,"column":null}},"type":"binary-expr","locations":[{"start":{"line":64,"column":15},"end":{"line":64,"column":35}},{"start":{"line":64,"column":35},"end":{"line":64,"column":null}}],"line":64},"2":{"loc":{"start":{"line":65,"column":10},"end":{"line":65,"column":null}},"type":"binary-expr","locations":[{"start":{"line":65,"column":10},"end":{"line":65,"column":37}},{"start":{"line":65,"column":37},"end":{"line":65,"column":null}}],"line":65},"3":{"loc":{"start":{"line":66,"column":14},"end":{"line":66,"column":null}},"type":"binary-expr","locations":[{"start":{"line":66,"column":14},"end":{"line":66,"column":33}},{"start":{"line":66,"column":33},"end":{"line":66,"column":null}}],"line":66},"4":{"loc":{"start":{"line":68,"column":22},"end":{"line":68,"column":null}},"type":"binary-expr","locations":[{"start":{"line":68,"column":22},"end":{"line":68,"column":49}},{"start":{"line":68,"column":49},"end":{"line":68,"column":null}}],"line":68},"5":{"loc":{"start":{"line":71,"column":11},"end":{"line":71,"column":null}},"type":"binary-expr","locations":[{"start":{"line":71,"column":11},"end":{"line":71,"column":27}},{"start":{"line":71,"column":27},"end":{"line":71,"column":null}}],"line":71},"6":{"loc":{"start":{"line":86,"column":21},"end":{"line":86,"column":null}},"type":"binary-expr","locations":[{"start":{"line":86,"column":21},"end":{"line":86,"column":40}},{"start":{"line":86,"column":40},"end":{"line":86,"column":null}}],"line":86},"7":{"loc":{"start":{"line":87,"column":16},"end":{"line":87,"column":null}},"type":"cond-expr","locations":[{"start":{"line":87,"column":29},"end":{"line":87,"column":54}},{"start":{"line":87,"column":54},"end":{"line":87,"column":null}}],"line":87},"8":{"loc":{"start":{"line":88,"column":20},"end":{"line":88,"column":null}},"type":"binary-expr","locations":[{"start":{"line":88,"column":20},"end":{"line":88,"column":38}},{"start":{"line":88,"column":38},"end":{"line":88,"column":null}}],"line":88},"9":{"loc":{"start":{"line":90,"column":28},"end":{"line":90,"column":null}},"type":"binary-expr","locations":[{"start":{"line":90,"column":28},"end":{"line":90,"column":54}},{"start":{"line":90,"column":54},"end":{"line":90,"column":null}}],"line":90},"10":{"loc":{"start":{"line":93,"column":17},"end":{"line":93,"column":null}},"type":"binary-expr","locations":[{"start":{"line":93,"column":17},"end":{"line":93,"column":32}},{"start":{"line":93,"column":32},"end":{"line":93,"column":null}}],"line":93},"11":{"loc":{"start":{"line":127,"column":2},"end":{"line":127,"column":null}},"type":"default-arg","locations":[{"start":{"line":127,"column":13},"end":{"line":127,"column":null}}],"line":127},"12":{"loc":{"start":{"line":198,"column":15},"end":{"line":198,"column":null}},"type":"cond-expr","locations":[{"start":{"line":198,"column":27},"end":{"line":198,"column":41}},{"start":{"line":198,"column":41},"end":{"line":198,"column":null}}],"line":198}},"s":{"0":5,"1":5,"2":5,"3":0,"4":0,"5":0,"6":0,"7":0,"8":0,"9":0,"10":0,"11":0,"12":5,"13":5,"14":5,"15":5,"16":0,"17":0,"18":0,"19":0,"20":0,"21":0,"22":0,"23":0,"24":0,"25":0,"26":0,"27":0,"28":0,"29":0,"30":0,"31":0,"32":0,"33":0},"f":{"0":5,"1":0,"2":5,"3":0,"4":0,"5":0,"6":0,"7":0,"8":0,"9":0,"10":0,"11":0,"12":0,"13":0,"14":0,"15":0,"16":0,"17":0,"18":0,"19":0,"20":0},"b":{"0":[5],"1":[5,0],"2":[5,0],"3":[5,0],"4":[5,0],"5":[5,4],"6":[0,0],"7":[0,0],"8":[0,0],"9":[0,0],"10":[0,0],"11":[5],"12":[0,5]},"meta":{"lastBranch":13,"lastFunction":21,"lastStatement":34,"seen":{"f:55:9:55:Infinity":0,"b:58:13:58:Infinity":0,"s:60:16:60:Infinity":0,"s:61:32:61:Infinity":1,"s:62:24:72:Infinity":2,"b:64:15:64:35:64:35:64:Infinity":1,"b:65:10:65:37:65:37:65:Infinity":2,"b:66:14:66:33:66:33:66:Infinity":3,"b:68:22:68:49:68:49:68:Infinity":4,"b:71:11:71:27:71:27:71:Infinity":5,"f:74:17:74:Infinity":1,"s:78:4:78:Infinity":3,"s:79:4:79:Infinity":4,"s:81:4:113:Infinity":5,"s:82:6:96:Infinity":6,"b:86:21:86:40:86:40:86:Infinity":6,"b:87:29:87:54:87:54:87:Infinity":7,"b:88:20:88:38:88:38:88:Infinity":8,"b:90:28:90:54:90:54:90:Infinity":9,"b:93:17:93:32:93:32:93:Infinity":10,"s:98:6:101:Infinity":7,"s:103:6:103:Infinity":8,"s:104:6:104:Infinity":9,"s:106:6:110:Infinity":10,"s:112:6:112:Infinity":11,"s:116:2:121:Infinity":12,"f:124:16:124:33":2,"b:127:13:127:Infinity":11,"s:129:26:129:Infinity":13,"s:130:55:134:Infinity":14,"s:136:2:203:Infinity":15,"f:145:24:145:29":3,"s:145:29:145:Infinity":16,"f:162:34:162:Infinity":4,"s:163:16:163:Infinity":17,"f:163:25:163:34":5,"s:163:34:163:65":18,"f:165:33:165:Infinity":6,"s:166:16:166:Infinity":19,"f:166:25:166:34":7,"s:166:34:166:64":20,"f:168:28:168:37":8,"s:168:37:168:Infinity":21,"f:168:46:168:55":9,"s:168:55:168:80":22,"f:169:32:169:Infinity":10,"s:170:16:170:Infinity":23,"f:170:25:170:34":11,"s:170:34:170:63":24,"f:172:34:172:Infinity":12,"s:173:16:173:Infinity":25,"f:173:25:173:34":13,"s:173:34:173:65":26,"f:175:40:175:Infinity":14,"s:176:16:176:Infinity":27,"f:176:25:176:34":15,"s:176:34:176:71":28,"f:178:33:178:Infinity":16,"s:179:16:179:Infinity":29,"f:179:25:179:34":17,"s:179:34:179:64":30,"f:185:29:185:38":18,"s:185:38:185:Infinity":31,"f:185:47:185:56":19,"s:185:56:185:82":32,"f:193:23:193:29":20,"s:193:29:193:Infinity":33,"b:198:27:198:41:198:41:198:Infinity":12}}}
,"/Volumes/SSD_Storage2TB/Users/luisnomad/Projects/SubScript/src/components/pending/BatchActionsBar.tsx": {"path":"/Volumes/SSD_Storage2TB/Users/luisnomad/Projects/SubScript/src/components/pending/BatchActionsBar.tsx","statementMap":{"0":{"start":{"line":22,"column":36},"end":{"line":22,"column":null}},"1":{"start":{"line":23,"column":36},"end":{"line":23,"column":null}},"2":{"start":{"line":24,"column":16},"end":{"line":24,"column":null}},"3":{"start":{"line":27,"column":4},"end":{"line":43,"column":null}},"4":{"start":{"line":28,"column":6},"end":{"line":28,"column":null}},"5":{"start":{"line":29,"column":6},"end":{"line":29,"column":null}},"6":{"start":{"line":30,"column":6},"end":{"line":33,"column":null}},"7":{"start":{"line":34,"column":6},"end":{"line":34,"column":null}},"8":{"start":{"line":36,"column":6},"end":{"line":40,"column":null}},"9":{"start":{"line":42,"column":6},"end":{"line":42,"column":null}},"10":{"start":{"line":47,"column":4},"end":{"line":63,"column":null}},"11":{"start":{"line":48,"column":6},"end":{"line":48,"column":null}},"12":{"start":{"line":49,"column":6},"end":{"line":49,"column":null}},"13":{"start":{"line":50,"column":6},"end":{"line":53,"column":null}},"14":{"start":{"line":54,"column":6},"end":{"line":54,"column":null}},"15":{"start":{"line":56,"column":6},"end":{"line":60,"column":null}},"16":{"start":{"line":62,"column":6},"end":{"line":62,"column":null}},"17":{"start":{"line":66,"column":2},"end":{"line":107,"column":null}},"18":{"start":{"line":86,"column":16},"end":{"line":86,"column":null}},"19":{"start":{"line":96,"column":16},"end":{"line":96,"column":null}}},"fnMap":{"0":{"name":"BatchActionsBar","decl":{"start":{"line":17,"column":16},"end":{"line":17,"column":32}},"loc":{"start":{"line":21,"column":39},"end":{"line":109,"column":null}},"line":21},"1":{"name":"handleBatchApprove","decl":{"start":{"line":26,"column":17},"end":{"line":26,"column":53}},"loc":{"start":{"line":26,"column":53},"end":{"line":44,"column":null}},"line":26},"2":{"name":"handleBatchReject","decl":{"start":{"line":46,"column":17},"end":{"line":46,"column":52}},"loc":{"start":{"line":46,"column":52},"end":{"line":64,"column":null}},"line":46},"3":{"name":"(anonymous_3)","decl":{"start":{"line":85,"column":23},"end":{"line":85,"column":29}},"loc":{"start":{"line":85,"column":29},"end":{"line":87,"column":null}},"line":85},"4":{"name":"(anonymous_4)","decl":{"start":{"line":95,"column":23},"end":{"line":95,"column":29}},"loc":{"start":{"line":95,"column":29},"end":{"line":97,"column":null}},"line":95}},"branchMap":{"0":{"loc":{"start":{"line":72,"column":40},"end":{"line":72,"column":77}},"type":"cond-expr","locations":[{"start":{"line":72,"column":67},"end":{"line":72,"column":73}},{"start":{"line":72,"column":73},"end":{"line":72,"column":77}}],"line":72},"1":{"loc":{"start":{"line":88,"column":24},"end":{"line":88,"column":null}},"type":"binary-expr","locations":[{"start":{"line":88,"column":24},"end":{"line":88,"column":39}},{"start":{"line":88,"column":39},"end":{"line":88,"column":null}}],"line":88},"2":{"loc":{"start":{"line":98,"column":24},"end":{"line":98,"column":null}},"type":"binary-expr","locations":[{"start":{"line":98,"column":24},"end":{"line":98,"column":39}},{"start":{"line":98,"column":39},"end":{"line":98,"column":null}}],"line":98}},"s":{"0":9,"1":9,"2":9,"3":1,"4":1,"5":1,"6":1,"7":1,"8":0,"9":1,"10":1,"11":1,"12":1,"13":1,"14":1,"15":0,"16":1,"17":9,"18":1,"19":1},"f":{"0":9,"1":1,"2":1,"3":1,"4":1},"b":{"0":[8,1],"1":[9,8],"2":[9,8]},"meta":{"lastBranch":3,"lastFunction":5,"lastStatement":20,"seen":{"f:17:16:17:32":0,"s:22:36:22:Infinity":0,"s:23:36:23:Infinity":1,"s:24:16:24:Infinity":2,"f:26:17:26:53":1,"s:27:4:43:Infinity":3,"s:28:6:28:Infinity":4,"s:29:6:29:Infinity":5,"s:30:6:33:Infinity":6,"s:34:6:34:Infinity":7,"s:36:6:40:Infinity":8,"s:42:6:42:Infinity":9,"f:46:17:46:52":2,"s:47:4:63:Infinity":10,"s:48:6:48:Infinity":11,"s:49:6:49:Infinity":12,"s:50:6:53:Infinity":13,"s:54:6:54:Infinity":14,"s:56:6:60:Infinity":15,"s:62:6:62:Infinity":16,"s:66:2:107:Infinity":17,"b:72:67:72:73:72:73:72:77":0,"f:85:23:85:29":3,"s:86:16:86:Infinity":18,"b:88:24:88:39:88:39:88:Infinity":1,"f:95:23:95:29":4,"s:96:16:96:Infinity":19,"b:98:24:98:39:98:39:98:Infinity":2}}}
,"/Volumes/SSD_Storage2TB/Users/luisnomad/Projects/SubScript/src/components/pending/ConfidenceScore.tsx": {"path":"/Volumes/SSD_Storage2TB/Users/luisnomad/Projects/SubScript/src/components/pending/ConfidenceScore.tsx","statementMap":{"0":{"start":{"line":9,"column":30},"end":{"line":9,"column":null}},"1":{"start":{"line":10,"column":34},"end":{"line":10,"column":null}},"2":{"start":{"line":11,"column":36},"end":{"line":11,"column":null}},"3":{"start":{"line":16,"column":21},"end":{"line":16,"column":null}},"4":{"start":{"line":19,"column":4},"end":{"line":21,"column":null}},"5":{"start":{"line":20,"column":6},"end":{"line":20,"column":null}},"6":{"start":{"line":22,"column":4},"end":{"line":24,"column":null}},"7":{"start":{"line":23,"column":6},"end":{"line":23,"column":null}},"8":{"start":{"line":25,"column":4},"end":{"line":25,"column":null}},"9":{"start":{"line":29,"column":4},"end":{"line":31,"column":null}},"10":{"start":{"line":30,"column":6},"end":{"line":30,"column":null}},"11":{"start":{"line":32,"column":4},"end":{"line":34,"column":null}},"12":{"start":{"line":33,"column":6},"end":{"line":33,"column":null}},"13":{"start":{"line":35,"column":4},"end":{"line":35,"column":null}},"14":{"start":{"line":39,"column":4},"end":{"line":41,"column":null}},"15":{"start":{"line":40,"column":6},"end":{"line":40,"column":null}},"16":{"start":{"line":42,"column":4},"end":{"line":44,"column":null}},"17":{"start":{"line":43,"column":6},"end":{"line":43,"column":null}},"18":{"start":{"line":45,"column":4},"end":{"line":45,"column":null}},"19":{"start":{"line":48,"column":2},"end":{"line":74,"column":null}}},"fnMap":{"0":{"name":"ConfidenceScore","decl":{"start":{"line":13,"column":16},"end":{"line":13,"column":32}},"loc":{"start":{"line":15,"column":39},"end":{"line":76,"column":null}},"line":15},"1":{"name":"getScoreColor","decl":{"start":{"line":18,"column":11},"end":{"line":18,"column":35}},"loc":{"start":{"line":18,"column":35},"end":{"line":26,"column":null}},"line":18},"2":{"name":"getScoreLabel","decl":{"start":{"line":28,"column":11},"end":{"line":28,"column":35}},"loc":{"start":{"line":28,"column":35},"end":{"line":36,"column":null}},"line":28},"3":{"name":"getScoreIcon","decl":{"start":{"line":38,"column":11},"end":{"line":38,"column":40}},"loc":{"start":{"line":38,"column":40},"end":{"line":46,"column":null}},"line":38}},"branchMap":{"0":{"loc":{"start":{"line":19,"column":4},"end":{"line":21,"column":null}},"type":"if","locations":[{"start":{"line":19,"column":4},"end":{"line":21,"column":null}},{"start":{},"end":{}}],"line":19},"1":{"loc":{"start":{"line":22,"column":4},"end":{"line":24,"column":null}},"type":"if","locations":[{"start":{"line":22,"column":4},"end":{"line":24,"column":null}},{"start":{},"end":{}}],"line":22},"2":{"loc":{"start":{"line":29,"column":4},"end":{"line":31,"column":null}},"type":"if","locations":[{"start":{"line":29,"column":4},"end":{"line":31,"column":null}},{"start":{},"end":{}}],"line":29},"3":{"loc":{"start":{"line":32,"column":4},"end":{"line":34,"column":null}},"type":"if","locations":[{"start":{"line":32,"column":4},"end":{"line":34,"column":null}},{"start":{},"end":{}}],"line":32},"4":{"loc":{"start":{"line":39,"column":4},"end":{"line":41,"column":null}},"type":"if","locations":[{"start":{"line":39,"column":4},"end":{"line":41,"column":null}},{"start":{},"end":{}}],"line":39},"5":{"loc":{"start":{"line":42,"column":4},"end":{"line":44,"column":null}},"type":"if","locations":[{"start":{"line":42,"column":4},"end":{"line":44,"column":null}},{"start":{},"end":{}}],"line":42}},"s":{"0":3,"1":3,"2":3,"3":19,"4":57,"5":51,"6":6,"7":3,"8":3,"9":19,"10":17,"11":2,"12":1,"13":1,"14":19,"15":17,"16":2,"17":1,"18":1,"19":19},"f":{"0":19,"1":57,"2":19,"3":19},"b":{"0":[51,6],"1":[3,3],"2":[17,2],"3":[1,1],"4":[17,2],"5":[1,1]},"meta":{"lastBranch":6,"lastFunction":4,"lastStatement":20,"seen":{"s:9:30:9:Infinity":0,"s:10:34:10:Infinity":1,"s:11:36:11:Infinity":2,"f:13:16:13:32":0,"s:16:21:16:Infinity":3,"f:18:11:18:35":1,"b:19:4:21:Infinity:undefined:undefined:undefined:undefined":0,"s:19:4:21:Infinity":4,"s:20:6:20:Infinity":5,"b:22:4:24:Infinity:undefined:undefined:undefined:undefined":1,"s:22:4:24:Infinity":6,"s:23:6:23:Infinity":7,"s:25:4:25:Infinity":8,"f:28:11:28:35":2,"b:29:4:31:Infinity:undefined:undefined:undefined:undefined":2,"s:29:4:31:Infinity":9,"s:30:6:30:Infinity":10,"b:32:4:34:Infinity:undefined:undefined:undefined:undefined":3,"s:32:4:34:Infinity":11,"s:33:6:33:Infinity":12,"s:35:4:35:Infinity":13,"f:38:11:38:40":3,"b:39:4:41:Infinity:undefined:undefined:undefined:undefined":4,"s:39:4:41:Infinity":14,"s:40:6:40:Infinity":15,"b:42:4:44:Infinity:undefined:undefined:undefined:undefined":5,"s:42:4:44:Infinity":16,"s:43:6:43:Infinity":17,"s:45:4:45:Infinity":18,"s:48:2:74:Infinity":19}}}
,"/Volumes/SSD_Storage2TB/Users/luisnomad/Projects/SubScript/src/components/pending/CreatePendingImportDialog.tsx": {"path":"/Volumes/SSD_Storage2TB/Users/luisnomad/Projects/SubScript/src/components/pending/CreatePendingImportDialog.tsx","statementMap":{"0":{"start":{"line":30,"column":26},"end":{"line":30,"column":null}},"1":{"start":{"line":31,"column":8},"end":{"line":31,"column":null}},"2":{"start":{"line":33,"column":2},"end":{"line":118,"column":null}},"3":{"start":{"line":50,"column":25},"end":{"line":50,"column":null}},"4":{"start":{"line":59,"column":39},"end":{"line":59,"column":null}},"5":{"start":{"line":60,"column":36},"end":{"line":60,"column":null}},"6":{"start":{"line":61,"column":36},"end":{"line":61,"column":null}},"7":{"start":{"line":62,"column":41},"end":{"line":62,"column":null}},"8":{"start":{"line":63,"column":37},"end":{"line":63,"column":null}},"9":{"start":{"line":74,"column":33},"end":{"line":74,"column":null}},"10":{"start":{"line":75,"column":33},"end":{"line":75,"column":null}},"11":{"start":{"line":76,"column":37},"end":{"line":76,"column":null}},"12":{"start":{"line":77,"column":41},"end":{"line":77,"column":null}},"13":{"start":{"line":78,"column":37},"end":{"line":78,"column":null}},"14":{"start":{"line":79,"column":37},"end":{"line":79,"column":null}},"15":{"start":{"line":92,"column":39},"end":{"line":92,"column":null}},"16":{"start":{"line":93,"column":38},"end":{"line":93,"column":null}},"17":{"start":{"line":94,"column":33},"end":{"line":94,"column":null}},"18":{"start":{"line":95,"column":37},"end":{"line":95,"column":null}},"19":{"start":{"line":96,"column":39},"end":{"line":96,"column":null}},"20":{"start":{"line":98,"column":16},"end":{"line":98,"column":null}},"21":{"start":{"line":100,"column":38},"end":{"line":100,"column":null}},"22":{"start":{"line":108,"column":29},"end":{"line":108,"column":null}}},"fnMap":{"0":{"name":"CreatePendingImportDialog","decl":{"start":{"line":26,"column":16},"end":{"line":26,"column":42}},"loc":{"start":{"line":29,"column":49},"end":{"line":120,"column":null}},"line":29},"1":{"name":"(anonymous_1)","decl":{"start":{"line":50,"column":20},"end":{"line":50,"column":25}},"loc":{"start":{"line":50,"column":25},"end":{"line":50,"column":null}},"line":50},"2":{"name":"(anonymous_2)","decl":{"start":{"line":59,"column":34},"end":{"line":59,"column":39}},"loc":{"start":{"line":59,"column":39},"end":{"line":59,"column":null}},"line":59},"3":{"name":"(anonymous_3)","decl":{"start":{"line":60,"column":31},"end":{"line":60,"column":36}},"loc":{"start":{"line":60,"column":36},"end":{"line":60,"column":null}},"line":60},"4":{"name":"(anonymous_4)","decl":{"start":{"line":61,"column":31},"end":{"line":61,"column":36}},"loc":{"start":{"line":61,"column":36},"end":{"line":61,"column":null}},"line":61},"5":{"name":"(anonymous_5)","decl":{"start":{"line":62,"column":36},"end":{"line":62,"column":41}},"loc":{"start":{"line":62,"column":41},"end":{"line":62,"column":null}},"line":62},"6":{"name":"(anonymous_6)","decl":{"start":{"line":63,"column":32},"end":{"line":63,"column":37}},"loc":{"start":{"line":63,"column":37},"end":{"line":63,"column":null}},"line":63},"7":{"name":"(anonymous_7)","decl":{"start":{"line":74,"column":28},"end":{"line":74,"column":33}},"loc":{"start":{"line":74,"column":33},"end":{"line":74,"column":null}},"line":74},"8":{"name":"(anonymous_8)","decl":{"start":{"line":75,"column":28},"end":{"line":75,"column":33}},"loc":{"start":{"line":75,"column":33},"end":{"line":75,"column":null}},"line":75},"9":{"name":"(anonymous_9)","decl":{"start":{"line":76,"column":32},"end":{"line":76,"column":37}},"loc":{"start":{"line":76,"column":37},"end":{"line":76,"column":null}},"line":76},"10":{"name":"(anonymous_10)","decl":{"start":{"line":77,"column":36},"end":{"line":77,"column":41}},"loc":{"start":{"line":77,"column":41},"end":{"line":77,"column":null}},"line":77},"11":{"name":"(anonymous_11)","decl":{"start":{"line":78,"column":32},"end":{"line":78,"column":37}},"loc":{"start":{"line":78,"column":37},"end":{"line":78,"column":null}},"line":78},"12":{"name":"(anonymous_12)","decl":{"start":{"line":79,"column":32},"end":{"line":79,"column":37}},"loc":{"start":{"line":79,"column":37},"end":{"line":79,"column":null}},"line":79},"13":{"name":"(anonymous_13)","decl":{"start":{"line":92,"column":34},"end":{"line":92,"column":39}},"loc":{"start":{"line":92,"column":39},"end":{"line":92,"column":null}},"line":92},"14":{"name":"(anonymous_14)","decl":{"start":{"line":93,"column":33},"end":{"line":93,"column":38}},"loc":{"start":{"line":93,"column":38},"end":{"line":93,"column":null}},"line":93},"15":{"name":"(anonymous_15)","decl":{"start":{"line":94,"column":28},"end":{"line":94,"column":33}},"loc":{"start":{"line":94,"column":33},"end":{"line":94,"column":null}},"line":94},"16":{"name":"(anonymous_16)","decl":{"start":{"line":95,"column":32},"end":{"line":95,"column":37}},"loc":{"start":{"line":95,"column":37},"end":{"line":95,"column":null}},"line":95},"17":{"name":"(anonymous_17)","decl":{"start":{"line":96,"column":34},"end":{"line":96,"column":39}},"loc":{"start":{"line":96,"column":39},"end":{"line":96,"column":null}},"line":96},"18":{"name":"(anonymous_18)","decl":{"start":{"line":97,"column":40},"end":{"line":97,"column":null}},"loc":{"start":{"line":98,"column":16},"end":{"line":98,"column":null}},"line":98},"19":{"name":"(anonymous_19)","decl":{"start":{"line":100,"column":33},"end":{"line":100,"column":38}},"loc":{"start":{"line":100,"column":38},"end":{"line":100,"column":null}},"line":100},"20":{"name":"(anonymous_20)","decl":{"start":{"line":108,"column":23},"end":{"line":108,"column":29}},"loc":{"start":{"line":108,"column":29},"end":{"line":108,"column":null}},"line":108}},"branchMap":{"0":{"loc":{"start":{"line":28,"column":2},"end":{"line":28,"column":null}},"type":"default-arg","locations":[{"start":{"line":28,"column":13},"end":{"line":28,"column":null}}],"line":28},"1":{"loc":{"start":{"line":66,"column":11},"end":{"line":80,"column":null}},"type":"binary-expr","locations":[{"start":{"line":66,"column":11},"end":{"line":66,"column":null}},{"start":{"line":67,"column":12},"end":{"line":80,"column":null}}],"line":66},"2":{"loc":{"start":{"line":83,"column":11},"end":{"line":101,"column":null}},"type":"binary-expr","locations":[{"start":{"line":83,"column":11},"end":{"line":83,"column":null}},{"start":{"line":84,"column":12},"end":{"line":101,"column":null}}],"line":83},"3":{"loc":{"start":{"line":113,"column":15},"end":{"line":113,"column":null}},"type":"cond-expr","locations":[{"start":{"line":113,"column":32},"end":{"line":113,"column":48}},{"start":{"line":113,"column":48},"end":{"line":113,"column":null}}],"line":113}},"s":{"0":5,"1":5,"2":5,"3":0,"4":0,"5":0,"6":0,"7":0,"8":0,"9":0,"10":0,"11":0,"12":0,"13":0,"14":0,"15":0,"16":0,"17":0,"18":0,"19":0,"20":0,"21":0,"22":0},"f":{"0":5,"1":0,"2":0,"3":0,"4":0,"5":0,"6":0,"7":0,"8":0,"9":0,"10":0,"11":0,"12":0,"13":0,"14":0,"15":0,"16":0,"17":0,"18":0,"19":0,"20":0},"b":{"0":[5],"1":[5,5],"2":[5,0],"3":[0,5]},"meta":{"lastBranch":4,"lastFunction":21,"lastStatement":23,"seen":{"f:26:16:26:42":0,"b:28:13:28:Infinity":0,"s:30:26:30:Infinity":0,"s:31:8:31:Infinity":1,"s:33:2:118:Infinity":2,"f:50:20:50:25":1,"s:50:25:50:Infinity":3,"f:59:34:59:39":2,"s:59:39:59:Infinity":4,"f:60:31:60:36":3,"s:60:36:60:Infinity":5,"f:61:31:61:36":4,"s:61:36:61:Infinity":6,"f:62:36:62:41":5,"s:62:41:62:Infinity":7,"f:63:32:63:37":6,"s:63:37:63:Infinity":8,"b:66:11:66:Infinity:67:12:80:Infinity":1,"f:74:28:74:33":7,"s:74:33:74:Infinity":9,"f:75:28:75:33":8,"s:75:33:75:Infinity":10,"f:76:32:76:37":9,"s:76:37:76:Infinity":11,"f:77:36:77:41":10,"s:77:41:77:Infinity":12,"f:78:32:78:37":11,"s:78:37:78:Infinity":13,"f:79:32:79:37":12,"s:79:37:79:Infinity":14,"b:83:11:83:Infinity:84:12:101:Infinity":2,"f:92:34:92:39":13,"s:92:39:92:Infinity":15,"f:93:33:93:38":14,"s:93:38:93:Infinity":16,"f:94:28:94:33":15,"s:94:33:94:Infinity":17,"f:95:32:95:37":16,"s:95:37:95:Infinity":18,"f:96:34:96:39":17,"s:96:39:96:Infinity":19,"f:97:40:97:Infinity":18,"s:98:16:98:Infinity":20,"f:100:33:100:38":19,"s:100:38:100:Infinity":21,"f:108:23:108:29":20,"s:108:29:108:Infinity":22,"b:113:32:113:48:113:48:113:Infinity":3}}}
,"/Volumes/SSD_Storage2TB/Users/luisnomad/Projects/SubScript/src/components/pending/EditDialog.tsx": {"path":"/Volumes/SSD_Storage2TB/Users/luisnomad/Projects/SubScript/src/components/pending/EditDialog.tsx","statementMap":{"0":{"start":{"line":38,"column":24},"end":{"line":38,"column":null}},"1":{"start":{"line":42,"column":30},"end":{"line":42,"column":null}},"2":{"start":{"line":43,"column":30},"end":{"line":43,"column":null}},"3":{"start":{"line":46,"column":4},"end":{"line":46,"column":null}},"4":{"start":{"line":47,"column":4},"end":{"line":47,"column":null}},"5":{"start":{"line":48,"column":4},"end":{"line":48,"column":null}},"6":{"start":{"line":51,"column":2},"end":{"line":97,"column":null}},"7":{"start":{"line":88,"column":14},"end":{"line":88,"column":null}},"8":{"start":{"line":108,"column":2},"end":{"line":182,"column":null}},"9":{"start":{"line":117,"column":25},"end":{"line":117,"column":null}},"10":{"start":{"line":132,"column":14},"end":{"line":132,"column":null}},"11":{"start":{"line":144,"column":27},"end":{"line":144,"column":null}},"12":{"start":{"line":156,"column":12},"end":{"line":156,"column":null}},"13":{"start":{"line":177,"column":12},"end":{"line":177,"column":null}},"14":{"start":{"line":193,"column":2},"end":{"line":257,"column":null}},"15":{"start":{"line":202,"column":25},"end":{"line":202,"column":null}},"16":{"start":{"line":213,"column":25},"end":{"line":213,"column":null}},"17":{"start":{"line":228,"column":14},"end":{"line":228,"column":null}},"18":{"start":{"line":240,"column":27},"end":{"line":240,"column":null}},"19":{"start":{"line":253,"column":25},"end":{"line":253,"column":null}}},"fnMap":{"0":{"name":"EditDialog","decl":{"start":{"line":33,"column":16},"end":{"line":33,"column":27}},"loc":{"start":{"line":37,"column":34},"end":{"line":99,"column":null}},"line":37},"1":{"name":"handleSave","decl":{"start":{"line":45,"column":17},"end":{"line":45,"column":45}},"loc":{"start":{"line":45,"column":45},"end":{"line":49,"column":null}},"line":45},"2":{"name":"(anonymous_2)","decl":{"start":{"line":87,"column":21},"end":{"line":87,"column":27}},"loc":{"start":{"line":87,"column":27},"end":{"line":89,"column":null}},"line":87},"3":{"name":"SubscriptionForm","decl":{"start":{"line":101,"column":9},"end":{"line":101,"column":26}},"loc":{"start":{"line":107,"column":23},"end":{"line":184,"column":null}},"line":107},"4":{"name":"(anonymous_4)","decl":{"start":{"line":117,"column":20},"end":{"line":117,"column":25}},"loc":{"start":{"line":117,"column":25},"end":{"line":117,"column":null}},"line":117},"5":{"name":"(anonymous_5)","decl":{"start":{"line":131,"column":22},"end":{"line":131,"column":null}},"loc":{"start":{"line":132,"column":14},"end":{"line":132,"column":null}},"line":132},"6":{"name":"(anonymous_6)","decl":{"start":{"line":144,"column":22},"end":{"line":144,"column":27}},"loc":{"start":{"line":144,"column":27},"end":{"line":144,"column":null}},"line":144},"7":{"name":"(anonymous_7)","decl":{"start":{"line":155,"column":25},"end":{"line":155,"column":null}},"loc":{"start":{"line":156,"column":12},"end":{"line":156,"column":null}},"line":156},"8":{"name":"(anonymous_8)","decl":{"start":{"line":176,"column":20},"end":{"line":176,"column":null}},"loc":{"start":{"line":177,"column":12},"end":{"line":177,"column":null}},"line":177},"9":{"name":"DomainForm","decl":{"start":{"line":186,"column":9},"end":{"line":186,"column":20}},"loc":{"start":{"line":192,"column":23},"end":{"line":259,"column":null}},"line":192},"10":{"name":"(anonymous_10)","decl":{"start":{"line":202,"column":20},"end":{"line":202,"column":25}},"loc":{"start":{"line":202,"column":25},"end":{"line":202,"column":null}},"line":202},"11":{"name":"(anonymous_11)","decl":{"start":{"line":213,"column":20},"end":{"line":213,"column":25}},"loc":{"start":{"line":213,"column":25},"end":{"line":213,"column":null}},"line":213},"12":{"name":"(anonymous_12)","decl":{"start":{"line":227,"column":22},"end":{"line":227,"column":null}},"loc":{"start":{"line":228,"column":14},"end":{"line":228,"column":null}},"line":228},"13":{"name":"(anonymous_13)","decl":{"start":{"line":240,"column":22},"end":{"line":240,"column":27}},"loc":{"start":{"line":240,"column":27},"end":{"line":240,"column":null}},"line":240},"14":{"name":"(anonymous_14)","decl":{"start":{"line":253,"column":20},"end":{"line":253,"column":25}},"loc":{"start":{"line":253,"column":25},"end":{"line":253,"column":null}},"line":253}},"branchMap":{"0":{"loc":{"start":{"line":57,"column":13},"end":{"line":59,"column":null}},"type":"cond-expr","locations":[{"start":{"line":58,"column":16},"end":{"line":58,"column":null}},{"start":{"line":59,"column":16},"end":{"line":59,"column":null}}],"line":57},"1":{"loc":{"start":{"line":64,"column":11},"end":{"line":73,"column":null}},"type":"cond-expr","locations":[{"start":{"line":65,"column":12},"end":{"line":68,"column":null}},{"start":{"line":70,"column":12},"end":{"line":73,"column":null}}],"line":64},"2":{"loc":{"start":{"line":93,"column":13},"end":{"line":93,"column":null}},"type":"cond-expr","locations":[{"start":{"line":93,"column":24},"end":{"line":93,"column":38}},{"start":{"line":93,"column":38},"end":{"line":93,"column":null}}],"line":93},"3":{"loc":{"start":{"line":175,"column":17},"end":{"line":175,"column":null}},"type":"binary-expr","locations":[{"start":{"line":175,"column":17},"end":{"line":175,"column":34}},{"start":{"line":175,"column":34},"end":{"line":175,"column":null}}],"line":175},"4":{"loc":{"start":{"line":177,"column":42},"end":{"line":177,"column":70}},"type":"binary-expr","locations":[{"start":{"line":177,"column":42},"end":{"line":177,"column":60}},{"start":{"line":177,"column":60},"end":{"line":177,"column":70}}],"line":177}},"s":{"0":20,"1":20,"2":20,"3":3,"4":3,"5":3,"6":20,"7":3,"8":12,"9":1,"10":1,"11":1,"12":1,"13":1,"14":8,"15":1,"16":1,"17":1,"18":1,"19":1},"f":{"0":20,"1":3,"2":3,"3":12,"4":1,"5":1,"6":1,"7":1,"8":1,"9":8,"10":1,"11":1,"12":1,"13":1,"14":1},"b":{"0":[12,8],"1":[12,8],"2":[3,17],"3":[12,10],"4":[1,0]},"meta":{"lastBranch":5,"lastFunction":15,"lastStatement":20,"seen":{"f:33:16:33:27":0,"s:38:24:38:Infinity":0,"s:42:30:42:Infinity":1,"s:43:30:43:Infinity":2,"f:45:17:45:45":1,"s:46:4:46:Infinity":3,"s:47:4:47:Infinity":4,"s:48:4:48:Infinity":5,"s:51:2:97:Infinity":6,"b:58:16:58:Infinity:59:16:59:Infinity":0,"b:65:12:68:Infinity:70:12:73:Infinity":1,"f:87:21:87:27":2,"s:88:14:88:Infinity":7,"b:93:24:93:38:93:38:93:Infinity":2,"f:101:9:101:26":3,"s:108:2:182:Infinity":8,"f:117:20:117:25":4,"s:117:25:117:Infinity":9,"f:131:22:131:Infinity":5,"s:132:14:132:Infinity":10,"f:144:22:144:27":6,"s:144:27:144:Infinity":11,"f:155:25:155:Infinity":7,"s:156:12:156:Infinity":12,"b:175:17:175:34:175:34:175:Infinity":3,"f:176:20:176:Infinity":8,"s:177:12:177:Infinity":13,"b:177:42:177:60:177:60:177:70":4,"f:186:9:186:20":9,"s:193:2:257:Infinity":14,"f:202:20:202:25":10,"s:202:25:202:Infinity":15,"f:213:20:213:25":11,"s:213:25:213:Infinity":16,"f:227:22:227:Infinity":12,"s:228:14:228:Infinity":17,"f:240:22:240:27":13,"s:240:27:240:Infinity":18,"f:253:20:253:25":14,"s:253:25:253:Infinity":19}}}
,"/Volumes/SSD_Storage2TB/Users/luisnomad/Projects/SubScript/src/components/pending/EmailMetadataFields.tsx": {"path":"/Volumes/SSD_Storage2TB/Users/luisnomad/Projects/SubScript/src/components/pending/EmailMetadataFields.tsx","statementMap":{"0":{"start":{"line":27,"column":34},"end":{"line":27,"column":null}},"1":{"start":{"line":41,"column":2},"end":{"line":110,"column":null}},"2":{"start":{"line":50,"column":25},"end":{"line":50,"column":null}},"3":{"start":{"line":62,"column":25},"end":{"line":62,"column":null}},"4":{"start":{"line":74,"column":25},"end":{"line":74,"column":null}},"5":{"start":{"line":86,"column":48},"end":{"line":86,"column":60}},"6":{"start":{"line":87,"column":14},"end":{"line":89,"column":null}},"7":{"start":{"line":106,"column":25},"end":{"line":106,"column":null}}},"fnMap":{"0":{"name":"EmailMetadataFields","decl":{"start":{"line":29,"column":16},"end":{"line":29,"column":36}},"loc":{"start":{"line":40,"column":43},"end":{"line":112,"column":null}},"line":40},"1":{"name":"(anonymous_1)","decl":{"start":{"line":50,"column":20},"end":{"line":50,"column":25}},"loc":{"start":{"line":50,"column":25},"end":{"line":50,"column":null}},"line":50},"2":{"name":"(anonymous_2)","decl":{"start":{"line":62,"column":20},"end":{"line":62,"column":25}},"loc":{"start":{"line":62,"column":25},"end":{"line":62,"column":null}},"line":62},"3":{"name":"(anonymous_3)","decl":{"start":{"line":74,"column":20},"end":{"line":74,"column":25}},"loc":{"start":{"line":74,"column":25},"end":{"line":74,"column":null}},"line":74},"4":{"name":"(anonymous_4)","decl":{"start":{"line":86,"column":43},"end":{"line":86,"column":48}},"loc":{"start":{"line":86,"column":48},"end":{"line":86,"column":60}},"line":86},"5":{"name":"(anonymous_5)","decl":{"start":{"line":86,"column":66},"end":{"line":86,"column":null}},"loc":{"start":{"line":87,"column":14},"end":{"line":89,"column":null}},"line":87},"6":{"name":"(anonymous_6)","decl":{"start":{"line":106,"column":20},"end":{"line":106,"column":25}},"loc":{"start":{"line":106,"column":25},"end":{"line":106,"column":null}},"line":106}},"branchMap":{},"s":{"0":1,"1":0,"2":0,"3":0,"4":0,"5":0,"6":0,"7":0},"f":{"0":0,"1":0,"2":0,"3":0,"4":0,"5":0,"6":0},"b":{},"meta":{"lastBranch":0,"lastFunction":7,"lastStatement":8,"seen":{"s:27:34:27:Infinity":0,"f:29:16:29:36":0,"s:41:2:110:Infinity":1,"f:50:20:50:25":1,"s:50:25:50:Infinity":2,"f:62:20:62:25":2,"s:62:25:62:Infinity":3,"f:74:20:74:25":3,"s:74:25:74:Infinity":4,"f:86:43:86:48":4,"s:86:48:86:60":5,"f:86:66:86:Infinity":5,"s:87:14:89:Infinity":6,"f:106:20:106:25":6,"s:106:25:106:Infinity":7}}}
,"/Volumes/SSD_Storage2TB/Users/luisnomad/Projects/SubScript/src/components/pending/EmptyState.tsx": {"path":"/Volumes/SSD_Storage2TB/Users/luisnomad/Projects/SubScript/src/components/pending/EmptyState.tsx","statementMap":{"0":{"start":{"line":15,"column":2},"end":{"line":41,"column":null}}},"fnMap":{"0":{"name":"EmptyState","decl":{"start":{"line":12,"column":16},"end":{"line":12,"column":27}},"loc":{"start":{"line":14,"column":34},"end":{"line":43,"column":null}},"line":14}},"branchMap":{},"s":{"0":2},"f":{"0":2},"b":{},"meta":{"lastBranch":0,"lastFunction":1,"lastStatement":1,"seen":{"f:12:16:12:27":0,"s:15:2:41:Infinity":0}}}
,"/Volumes/SSD_Storage2TB/Users/luisnomad/Projects/SubScript/src/components/pending/GenerateMockDataButton.tsx": {"path":"/Volumes/SSD_Storage2TB/Users/luisnomad/Projects/SubScript/src/components/pending/GenerateMockDataButton.tsx","statementMap":{"0":{"start":{"line":32,"column":20},"end":{"line":32,"column":null}},"1":{"start":{"line":33,"column":19},"end":{"line":33,"column":null}},"2":{"start":{"line":34,"column":18},"end":{"line":34,"column":null}},"3":{"start":{"line":35,"column":20},"end":{"line":35,"column":null}},"4":{"start":{"line":41,"column":16},"end":{"line":41,"column":null}},"5":{"start":{"line":42,"column":26},"end":{"line":42,"column":null}},"6":{"start":{"line":43,"column":32},"end":{"line":43,"column":null}},"7":{"start":{"line":44,"column":24},"end":{"line":44,"column":null}},"8":{"start":{"line":47,"column":4},"end":{"line":47,"column":null}},"9":{"start":{"line":49,"column":4},"end":{"line":81,"column":null}},"10":{"start":{"line":50,"column":12},"end":{"line":50,"column":null}},"11":{"start":{"line":52,"column":6},"end":{"line":62,"column":null}},"12":{"start":{"line":53,"column":8},"end":{"line":61,"column":null}},"13":{"start":{"line":64,"column":6},"end":{"line":69,"column":null}},"14":{"start":{"line":71,"column":6},"end":{"line":71,"column":null}},"15":{"start":{"line":72,"column":6},"end":{"line":72,"column":null}},"16":{"start":{"line":74,"column":6},"end":{"line":78,"column":null}},"17":{"start":{"line":80,"column":6},"end":{"line":80,"column":null}},"18":{"start":{"line":85,"column":4},"end":{"line":85,"column":null}},"19":{"start":{"line":89,"column":4},"end":{"line":89,"column":null}},"20":{"start":{"line":92,"column":2},"end":{"line":143,"column":null}},"21":{"start":{"line":118,"column":18},"end":{"line":120,"column":null}}},"fnMap":{"0":{"name":"GenerateMockDataButton","decl":{"start":{"line":37,"column":16},"end":{"line":37,"column":39}},"loc":{"start":{"line":40,"column":46},"end":{"line":145,"column":null}},"line":40},"1":{"name":"handleGenerate","decl":{"start":{"line":46,"column":17},"end":{"line":46,"column":49}},"loc":{"start":{"line":46,"column":49},"end":{"line":82,"column":null}},"line":46},"2":{"name":"handleCancel","decl":{"start":{"line":84,"column":11},"end":{"line":84,"column":32}},"loc":{"start":{"line":84,"column":32},"end":{"line":86,"column":null}},"line":84},"3":{"name":"handleGenerateClick","decl":{"start":{"line":88,"column":11},"end":{"line":88,"column":39}},"loc":{"start":{"line":88,"column":39},"end":{"line":90,"column":null}},"line":88},"4":{"name":"(anonymous_4)","decl":{"start":{"line":117,"column":33},"end":{"line":117,"column":null}},"loc":{"start":{"line":118,"column":18},"end":{"line":120,"column":null}},"line":118}},"branchMap":{"0":{"loc":{"start":{"line":39,"column":2},"end":{"line":39,"column":null}},"type":"default-arg","locations":[{"start":{"line":39,"column":13},"end":{"line":39,"column":null}}],"line":39},"1":{"loc":{"start":{"line":67,"column":10},"end":{"line":67,"column":null}},"type":"cond-expr","locations":[{"start":{"line":67,"column":34},"end":{"line":67,"column":45}},{"start":{"line":67,"column":45},"end":{"line":67,"column":null}}],"line":67},"2":{"loc":{"start":{"line":119,"column":27},"end":{"line":119,"column":null}},"type":"cond-expr","locations":[{"start":{"line":119,"column":39},"end":{"line":119,"column":50}},{"start":{"line":119,"column":50},"end":{"line":119,"column":null}}],"line":119},"3":{"loc":{"start":{"line":139,"column":13},"end":{"line":139,"column":null}},"type":"cond-expr","locations":[{"start":{"line":139,"column":25},"end":{"line":139,"column":43}},{"start":{"line":139,"column":43},"end":{"line":139,"column":null}}],"line":139}},"s":{"0":1,"1":1,"2":1,"3":1,"4":5,"5":5,"6":5,"7":5,"8":0,"9":0,"10":0,"11":0,"12":0,"13":0,"14":0,"15":0,"16":0,"17":0,"18":0,"19":0,"20":5,"21":20},"f":{"0":5,"1":0,"2":0,"3":0,"4":20},"b":{"0":[5],"1":[0,0],"2":[5,15],"3":[0,5]},"meta":{"lastBranch":4,"lastFunction":5,"lastStatement":22,"seen":{"s:32:20:32:Infinity":0,"s:33:19:33:Infinity":1,"s:34:18:34:Infinity":2,"s:35:20:35:Infinity":3,"f:37:16:37:39":0,"b:39:13:39:Infinity":0,"s:41:16:41:Infinity":4,"s:42:26:42:Infinity":5,"s:43:32:43:Infinity":6,"s:44:24:44:Infinity":7,"f:46:17:46:49":1,"s:47:4:47:Infinity":8,"s:49:4:81:Infinity":9,"s:50:12:50:Infinity":10,"s:52:6:62:Infinity":11,"s:53:8:61:Infinity":12,"s:64:6:69:Infinity":13,"b:67:34:67:45:67:45:67:Infinity":1,"s:71:6:71:Infinity":14,"s:72:6:72:Infinity":15,"s:74:6:78:Infinity":16,"s:80:6:80:Infinity":17,"f:84:11:84:32":2,"s:85:4:85:Infinity":18,"f:88:11:88:39":3,"s:89:4:89:Infinity":19,"s:92:2:143:Infinity":20,"f:117:33:117:Infinity":4,"s:118:18:120:Infinity":21,"b:119:39:119:50:119:50:119:Infinity":2,"b:139:25:139:43:139:43:139:Infinity":3}}}
,"/Volumes/SSD_Storage2TB/Users/luisnomad/Projects/SubScript/src/components/pending/ImportDataFields.tsx": {"path":"/Volumes/SSD_Storage2TB/Users/luisnomad/Projects/SubScript/src/components/pending/ImportDataFields.tsx","statementMap":{"0":{"start":{"line":7,"column":28},"end":{"line":7,"column":null}},"1":{"start":{"line":16,"column":2},"end":{"line":47,"column":null}},"2":{"start":{"line":56,"column":2},"end":{"line":85,"column":null}}},"fnMap":{"0":{"name":"SubscriptionFields","decl":{"start":{"line":13,"column":16},"end":{"line":13,"column":35}},"loc":{"start":{"line":15,"column":42},"end":{"line":49,"column":null}},"line":15},"1":{"name":"DomainFields","decl":{"start":{"line":55,"column":16},"end":{"line":55,"column":29}},"loc":{"start":{"line":55,"column":72},"end":{"line":87,"column":null}},"line":55}},"branchMap":{"0":{"loc":{"start":{"line":34,"column":7},"end":{"line":40,"column":null}},"type":"binary-expr","locations":[{"start":{"line":34,"column":7},"end":{"line":34,"column":null}},{"start":{"line":35,"column":8},"end":{"line":40,"column":null}}],"line":34},"1":{"loc":{"start":{"line":42,"column":7},"end":{"line":45,"column":null}},"type":"binary-expr","locations":[{"start":{"line":42,"column":7},"end":{"line":42,"column":null}},{"start":{"line":43,"column":8},"end":{"line":45,"column":null}}],"line":42},"2":{"loc":{"start":{"line":80,"column":7},"end":{"line":83,"column":null}},"type":"binary-expr","locations":[{"start":{"line":80,"column":7},"end":{"line":80,"column":null}},{"start":{"line":81,"column":8},"end":{"line":83,"column":null}}],"line":80},"3":{"loc":{"start":{"line":82,"column":23},"end":{"line":82,"column":null}},"type":"cond-expr","locations":[{"start":{"line":82,"column":40},"end":{"line":82,"column":48}},{"start":{"line":82,"column":48},"end":{"line":82,"column":null}}],"line":82}},"s":{"0":2,"1":14,"2":1},"f":{"0":14,"1":1},"b":{"0":[14,0],"1":[14,0],"2":[1,0],"3":[0,0]},"meta":{"lastBranch":4,"lastFunction":2,"lastStatement":3,"seen":{"s:7:28:7:Infinity":0,"f:13:16:13:35":0,"s:16:2:47:Infinity":1,"b:34:7:34:Infinity:35:8:40:Infinity":0,"b:42:7:42:Infinity:43:8:45:Infinity":1,"f:55:16:55:29":1,"s:56:2:85:Infinity":2,"b:80:7:80:Infinity:81:8:83:Infinity":2,"b:82:40:82:48:82:48:82:Infinity":3}}}
,"/Volumes/SSD_Storage2TB/Users/luisnomad/Projects/SubScript/src/components/pending/PendingImportCard.tsx": {"path":"/Volumes/SSD_Storage2TB/Users/luisnomad/Projects/SubScript/src/components/pending/PendingImportCard.tsx","statementMap":{"0":{"start":{"line":33,"column":32},"end":{"line":33,"column":null}},"1":{"start":{"line":34,"column":36},"end":{"line":34,"column":null}},"2":{"start":{"line":35,"column":36},"end":{"line":35,"column":null}},"3":{"start":{"line":36,"column":16},"end":{"line":36,"column":null}},"4":{"start":{"line":39,"column":2},"end":{"line":48,"column":null}},"5":{"start":{"line":40,"column":4},"end":{"line":40,"column":null}},"6":{"start":{"line":41,"column":4},"end":{"line":41,"column":null}},"7":{"start":{"line":42,"column":4},"end":{"line":42,"column":null}},"8":{"start":{"line":43,"column":4},"end":{"line":46,"column":null}},"9":{"start":{"line":50,"column":24},"end":{"line":50,"column":null}},"10":{"start":{"line":55,"column":4},"end":{"line":72,"column":null}},"11":{"start":{"line":56,"column":6},"end":{"line":56,"column":null}},"12":{"start":{"line":57,"column":6},"end":{"line":57,"column":null}},"13":{"start":{"line":58,"column":6},"end":{"line":61,"column":null}},"14":{"start":{"line":62,"column":6},"end":{"line":62,"column":null}},"15":{"start":{"line":64,"column":6},"end":{"line":64,"column":null}},"16":{"start":{"line":65,"column":6},"end":{"line":69,"column":null}},"17":{"start":{"line":71,"column":6},"end":{"line":71,"column":null}},"18":{"start":{"line":76,"column":4},"end":{"line":92,"column":null}},"19":{"start":{"line":77,"column":6},"end":{"line":77,"column":null}},"20":{"start":{"line":78,"column":6},"end":{"line":78,"column":null}},"21":{"start":{"line":79,"column":6},"end":{"line":82,"column":null}},"22":{"start":{"line":83,"column":6},"end":{"line":83,"column":null}},"23":{"start":{"line":85,"column":6},"end":{"line":89,"column":null}},"24":{"start":{"line":91,"column":6},"end":{"line":91,"column":null}},"25":{"start":{"line":96,"column":4},"end":{"line":110,"column":null}},"26":{"start":{"line":97,"column":6},"end":{"line":97,"column":null}},"27":{"start":{"line":98,"column":6},"end":{"line":101,"column":null}},"28":{"start":{"line":102,"column":6},"end":{"line":102,"column":null}},"29":{"start":{"line":103,"column":6},"end":{"line":103,"column":null}},"30":{"start":{"line":105,"column":6},"end":{"line":109,"column":null}},"31":{"start":{"line":113,"column":2},"end":{"line":233,"column":null}},"32":{"start":{"line":127,"column":14},"end":{"line":127,"column":null}},"33":{"start":{"line":196,"column":16},"end":{"line":196,"column":null}},"34":{"start":{"line":205,"column":29},"end":{"line":205,"column":null}},"35":{"start":{"line":214,"column":16},"end":{"line":214,"column":null}},"36":{"start":{"line":230,"column":26},"end":{"line":230,"column":null}}},"fnMap":{"0":{"name":"PendingImport
[...]
ine":198,"column":16},"end":{"line":198,"column":44}},"loc":{"start":{"line":205,"column":3},"end":{"line":207,"column":null}},"line":205},"9":{"name":"(anonymous_9)","decl":{"start":{"line":206,"column":39},"end":{"line":206,"column":45}},"loc":{"start":{"line":206,"column":45},"end":{"line":206,"column":72}},"line":206}},"branchMap":{"0":{"loc":{"start":{"line":43,"column":2},"end":{"line":45,"column":null}},"type":"if","locations":[{"start":{"line":43,"column":2},"end":{"line":45,"column":null}},{"start":{},"end":{}}],"line":43},"1":{"loc":{"start":{"line":57,"column":9},"end":{"line":57,"column":null}},"type":"binary-expr","locations":[{"start":{"line":57,"column":9},"end":{"line":57,"column":20}},{"start":{"line":57,"column":20},"end":{"line":57,"column":null}}],"line":57},"2":{"loc":{"start":{"line":69,"column":9},"end":{"line":69,"column":null}},"type":"binary-expr","locations":[{"start":{"line":69,"column":9},"end":{"line":69,"column":20}},{"start":{"line":69,"column":20},"end":{"line":69,"column":null}}],"line":69},"3":{"loc":{"start":{"line":82,"column":9},"end":{"line":82,"column":null}},"type":"binary-expr","locations":[{"start":{"line":82,"column":9},"end":{"line":82,"column":20}},{"start":{"line":82,"column":20},"end":{"line":82,"column":null}}],"line":82},"4":{"loc":{"start":{"line":90,"column":2},"end":{"line":92,"column":null}},"type":"if","locations":[{"start":{"line":90,"column":2},"end":{"line":92,"column":null}},{"start":{},"end":{}}],"line":90},"5":{"loc":{"start":{"line":93,"column":2},"end":{"line":95,"column":null}},"type":"if","locations":[{"start":{"line":93,"column":2},"end":{"line":95,"column":null}},{"start":{},"end":{}}],"line":93},"6":{"loc":{"start":{"line":172,"column":2},"end":{"line":182,"column":null}},"type":"if","locations":[{"start":{"line":172,"column":2},"end":{"line":182,"column":null}},{"start":{},"end":{}}],"line":172}},"s":{"0":2,"1":2,"2":2,"3":2,"4":2,"5":2,"6":2,"7":2,"8":2,"9":2,"10":2,"11":2,"12":2,"13":2,"14":2,"15":2,"16":2,"17":2,"18":2,"19":56,"20":56,"21":56,"22":0,"23":56,"24":56,"25":56,"26":56,"27":56,"28":56,"29":37,"30":37,"31":37,"32":37,"33":37,"34":19,"35":19,"36":19,"37":19,"38":19,"39":56,"40":56,"41":31,"42":25,"43":19,"44":6,"45":37,"46":37,"47":19,"48":19,"49":19,"50":2,"51":56,"52":56,"53":37,"54":37,"55":19,"56":19,"57":2,"58":55},"f":{"0":56,"1":56,"2":37,"3":19,"4":56,"5":37,"6":19,"7":56,"8":2,"9":55},"b":{"0":[0,56],"1":[56,0],"2":[37,0],"3":[19,0],"4":[31,25],"5":[19,6],"6":[37,19]},"meta":{"lastBranch":7,"lastFunction":10,"lastStatement":59,"seen":{"s:10:22:10:Infinity":0,"s:11:21:11:Infinity":1,"s:12:24:12:Infinity":2,"s:13:26:13:Infinity":3,"s:14:21:14:Infinity":4,"s:16:2:16:Infinity":5,"s:18:29:18:Infinity":6,"s:19:31:19:Infinity":7,"s:21:31:21:Infinity":8,"s:22:33:22:Infinity":9,"s:24:34:24:Infinity":10,"s:25:28:25:Infinity":11,"s:26:30:26:Infinity":12,"s:28:36:28:Infinity":13,"s:29:30:29:Infinity":14,"s:30:32:30:Infinity":15,"s:32:27:32:Infinity":16,"s:33:29:33:Infinity":17,"s:35:29:35:Infinity":18,"f:40:9:40:26":0,"s:41:22:41:Infinity":19,"s:42:15:42:Infinity":20,"b:43:2:45:Infinity:undefined:undefined:undefined:undefined":0,"s:43:2:45:Infinity":21,"s:44:4:44:Infinity":22,"s:46:2:46:Infinity":23,"f:52:9:52:39":1,"s:53:14:53:Infinity":24,"s:54:18:54:Infinity":25,"s:55:15:55:Infinity":26,"s:56:18:56:Infinity":27,"s:57:2:57:Infinity":28,"b:57:9:57:20:57:20:57:Infinity":1,"f:63:9:63:39":2,"s:64:14:64:Infinity":29,"s:66:4:66:Infinity":30,"s:67:15:67:Infinity":31,"s:68:18:68:Infinity":32,"s:69:2:69:Infinity":33,"b:69:9:69:20:69:20:69:Infinity":2,"f:75:9:75:45":3,"s:76:14:76:Infinity":34,"s:78:4:79:Infinity":35,"s:80:15:80:Infinity":36,"s:81:18:81:Infinity":37,"s:82:2:82:Infinity":38,"b:82:9:82:20:82:20:82:Infinity":3,"f:88:9:88:39":4,"s:89:15:89:Infinity":39,"b:90:2:92:Infinity:undefined:undefined:undefined:undefined":4,"s:90:2:92:Infinity":40,"s:91:4:91:Infinity":41,"b:93:2:95:Infinity:undefined:undefined:undefined:undefined":5,"s:93:2:95:Infinity":42,"s:94:4:94:Infinity":43,"s:96:2:96:Infinity":44,"f:102:16:102:Infinity":5,"s:109:18:109:Infinity":45,"s:111:2:124:Infinity":46,"f:130:16:130:Infinity":6,"s:137:21:137:Infinity":47,"s:138:27:138:Infinity":48,"s:140:2:154:Infinity":49,"s:157:43:157:Infinity":50,"f:162:16:162:Infinity":7,"s:170:25:170:Infinity":51,"b:172:2:182:Infinity:undefined:undefined:undefined:undefined":6,"s:172:2:182:Infinity":52,"s:173:17:173:Infinity":53,"s:174:4:181:Infinity":54,"s:184:15:184:Infinity":55,"s:185:2:192:Infinity":56,"f:198:16:198:44":8,"s:206:2:206:Infinity":57,"f:206:39:206:45":9,"s:206:45:206:72":58}}}
,"/Volumes/SSD_Storage2TB/Users/luisnomad/Projects/SubScript/src/lib/tauri.ts": {"path":"/Volumes/SSD_Storage2TB/Users/luisnomad/Projects/SubScript/src/lib/tauri.ts","statementMap":{"0":{"start":{"line":15,"column":2},"end":{"line":21,"column":null}},"1":{"start":{"line":16,"column":4},"end":{"line":20,"column":null}},"2":{"start":{"line":22,"column":2},"end":{"line":22,"column":null}},"3":{"start":{"line":40,"column":2},"end":{"line":40,"column":null}},"4":{"start":{"line":47,"column":2},"end":{"line":50,"column":null}},"5":{"start":{"line":57,"column":2},"end":{"line":57,"column":null}},"6":{"start":{"line":64,"column":2},"end":{"line":64,"column":null}},"7":{"start":{"line":71,"column":2},"end":{"line":71,"column":null}},"8":{"start":{"line":79,"column":2},"end":{"line":79,"column":null}},"9":{"start":{"line":86,"column":2},"end":{"line":86,"column":null}},"10":{"start":{"line":93,"column":2},"end":{"line":93,"column":null}},"11":{"start":{"line":100,"column":2},"end":{"line":100,"column":null}},"12":{"start":{"line":107,"column":2},"end":{"line":107,"column":null}},"13":{"start":{"line":117,"column":2},"end":{"line":117,"column":null}},"14":{"start":{"line":133,"column":2},"end":{"line":141,"column":null}},"15":{"start":{"line":149,"column":2},"end":{"line":149,"column":null}},"16":{"start":{"line":156,"column":2},"end":{"line":156,"column":null}},"17":{"start":{"line":163,"column":2},"end":{"line":163,"column":null}},"18":{"start":{"line":170,"column":2},"end":{"line":170,"column":null}},"19":{"start":{"line":181,"column":2},"end":{"line":181,"column":null}},"20":{"start":{"line":187,"column":2},"end":{"line":187,"column":null}},"21":{"start":{"line":197,"column":2},"end":{"line":197,"column":null}},"22":{"start":{"line":201,"column":2},"end":{"line":201,"column":null}},"23":{"start":{"line":208,"column":2},"end":{"line":208,"column":null}},"24":{"start":{"line":222,"column":2},"end":{"line":228,"column":null}},"25":{"start":{"line":238,"column":2},"end":{"line":238,"column":null}},"26":{"start":{"line":244,"column":2},"end":{"line":244,"column":null}},"27":{"start":{"line":252,"column":2},"end":{"line":252,"column":null}},"28":{"start":{"line":258,"column":2},"end":{"line":258,"column":null}}},"fnMap":{"0":{"name":"invoke","decl":{"start":{"line":14,"column":9},"end":{"line":14,"column":19}},"loc":{"start":{"line":14,"column":76},"end":{"line":23,"column":null}},"line":14},"1":{"name":"getSubscriptions","decl":{"start":{"line":37,"column":22},"end":{"line":37,"column":null}},"loc":{"start":{"line":39,"column":27},"end":{"line":41,"column":null}},"line":39},"2":{"name":"getSubscriptionById","decl":{"start":{"line":43,"column":22},"end":{"line":43,"column":null}},"loc":{"start":{"line":46,"column":32},"end":{"line":51,"column":null}},"line":46},"3":{"name":"createSubscription","decl":{"start":{"line":53,"column":22},"end":{"line":53,"column":null}},"loc":{"start":{"line":56,"column":19},"end":{"line":58,"column":null}},"line":56},"4":{"name":"updateSubscription","decl":{"start":{"line":60,"column":22},"end":{"line":60,"column":null}},"loc":{"start":{"line":63,"column":17},"end":{"line":65,"column":null}},"line":63},"5":{"name":"deleteSubscription","decl":{"start":{"line":67,"column":22},"end":{"line":67,"column":null}},"loc":{"start":{"line":70,"column":17},"end":{"line":72,"column":null}},"line":70},"6":{"name":"getDomains","decl":{"start":{"line":78,"column":22},"end":{"line":78,"column":33}},"loc":{"start":{"line":78,"column":79},"end":{"line":80,"column":null}},"line":78},"7":{"name":"getDomainById","decl":{"start":{"line":82,"column":22},"end":{"line":82,"column":null}},"loc":{"start":{"line":85,"column":26},"end":{"line":87,"column":null}},"line":85},"8":{"name":"createDomain","decl":{"start":{"line":89,"column":22},"end":{"line":89,"column":null}},"loc":{"start":{"line":92,"column":19},"end":{"line":94,"column":null}},"line":92},"9":{"name":"updateDomain","decl":{"start":{"line":96,"column":22},"end":{"line":96,"column":null}},"loc":{"start":{"line":99,"column":17},"end":{"line":101,"column":null}},"line":99},"10":{"name":"deleteDomain","decl":{"start":{"line":103,"column":22},"end":{"line":103,"column":null}},"loc":{"start":{"line":106,"column":17},"end":{"line":108,"column":null}},"line":106},"11":{"name":"getPendingImports","decl":{"start":{"line":114,"column":22},"end":{"line":114,"column":null}},"loc":{"start":{"line":116,"column":28},"end":{"line":118,"column":null}},"line":116},"12":{"name":"createPendingImport","decl":{"start":{"line":130,"column":22},"end":{"line":130,"column":null}},"loc":{"start":{"line":132,"column":19},"end":{"line":142,"column":null}},"line":132},"13":{"name":"approvePendingImport","decl":{"start":{"line":144,"column":22},"end":{"line":144,"column":null}},"loc":{"start":{"line":148,"column":17},"end":{"line":150,"column":null}},"line":148},"14":{"name":"rejectPendingImport","decl":{"start":{"line":152,"column":22},"end":{"line":152,"column":null}},"loc":{"start":{"line":155,"column":17},"end":{"line":157,"column":null}},"line":155},"15":{"name":"batchApprovePendingImports","decl":{"start":{"line":159,"column":22},"end":{"line":159,"column":null}},"loc":{"start":{"line":162,"column":17},"end":{"line":164,"column":null}},"line":162},"16":{"name":"batchRejectPendingImports","decl":{"start":{"line":166,"column":22},"end":{"line":166,"column":null}},"loc":{"start":{"line":169,"column":17},"end":{"line":171,"column":null}},"line":169},"17":{"name":"getReceiptById","decl":{"start":{"line":177,"column":22},"end":{"line":177,"column":null}},"loc":{"start":{"line":180,"column":27},"end":{"line":182,"column":null}},"line":180},"18":{"name":"deleteOldReceipts","decl":{"start":{"line":184,"column":22},"end":{"line":184,"column":null}},"loc":{"start":{"line":186,"column":19},"end":{"line":188,"column":null}},"line":186},"19":{"name":"getSettings","decl":{"start":{"line":194,"column":22},"end":{"line":194,"column":null}},"loc":{"start":{"line":196,"column":24},"end":{"line":198,"column":null}},"line":196},"20":{"name":"getOllamaModels","decl":{"start":{"line":200,"column":22},"end":{"line":200,"column":38}},"loc":{"start":{"line":200,"column":75},"end":{"line":202,"column":null}},"line":200},"21":{"name":"updateSettings","decl":{"start":{"line":204,"column":22},"end":{"line":204,"column":null}},"loc":{"start":{"line":207,"column":17},"end":{"line":209,"column":null}},"line":207},"22":{"name":"testImapConnection","decl":{"start":{"line":219,"column":22},"end":{"line":219,"column":null}},"loc":{"start":{"line":221,"column":19},"end":{"line":229,"column":null}},"line":221},"23":{"name":"triggerEmailSync","decl":{"start":{"line":235,"column":22},"end":{"line":235,"column":null}},"loc":{"start":{"line":237,"column":19},"end":{"line":239,"column":null}},"line":237},"24":{"name":"getLastSyncTime","decl":{"start":{"line":241,"column":22},"end":{"line":241,"column":null}},"loc":{"start":{"line":243,"column":26},"end":{"line":245,"column":null}},"line":243},"25":{"name":"clearTestDatabase","decl":{"start":{"line":251,"column":22},"end":{"line":251,"column":57}},"loc":{"start":{"line":251,"column":57},"end":{"line":253,"column":null}},"line":251},"26":{"name":"exportDatabase","decl":{"start":{"line":255,"column":22},"end":{"line":255,"column":null}},"loc":{"start":{"line":257,"column":19},"end":{"line":259,"column":null}},"line":257}},"branchMap":{"0":{"loc":{"start":{"line":15,"column":2},"end":{"line":21,"column":null}},"type":"if","locations":[{"start":{"line":15,"column":2},"end":{"line":21,"column":null}},{"start":{},"end":{}}],"line":15},"1":{"loc":{"start":{"line":38,"column":2},"end":{"line":38,"column":null}},"type":"default-arg","locations":[{"start":{"line":38,"column":22},"end":{"line":38,"column":null}}],"line":38},"2":{"loc":{"start":{"line":45,"column":2},"end":{"line":45,"column":null}},"type":"default-arg","locations":[{"start":{"line":45,"column":22},"end":{"line":45,"column":null}}],"line":45},"3":{"loc":{"start":{"line":55,"column":2},"end":{"line":55,"column":null}},"type":"default-arg","locations":[{"start":{"line":55,"column":22},"end":{"line":55,"column":null}}],"line":55},"4":{"loc":{"start":{"line":62,"column":2},"end":{"line":62,"column":null}},"type":"default-arg","locations":[{"start":{"line":62,"column":22},"end":{"line":62,"column":null}}],"line":62},"5":{"loc":{"start":{"line":69,"column":2},"end":{"line":69,"column":null}},"type":"default-arg","locations":[{"start":{"line":69,"column":22},"end":{"line":69,"column":null}}],"line":69},"6":{"loc":{"start":{"line":78,"column":33},"end":{"line":78,"column":79}},"type":"default-arg","locations":[{"start":{"line":78,"column":53},"end":{"line":78,"column":79}}],"line":78},"7":{"loc":{"start":{"line":84,"column":2},"end":{"line":84,"column":null}},"type":"default-arg","locations":[{"start":{"line":84,"column":22},"end":{"line":84,"column":null}}],"line":84},"8":{"loc":{"start":{"line":91,"column":2},"end":{"line":91,"column":null}},"type":"default-arg","locations":[{"start":{"line":91,"column":22},"end":{"line":91,"column":null}}],"line":91},"9":{"loc":{"start":{"line":98,"column":2},"end":{"line":98,"column":null}},"type":"default-arg","locations":[{"start":{"line":98,"column":22},"end":{"line":98,"column":null}}],"line":98},"10":{"loc":{"start":{"line":105,"column":2},"end":{"line":105,"column":null}},"type":"default-arg","locations":[{"start":{"line":105,"column":22},"end":{"line":105,"column":null}}],"line":105},"11":{"loc":{"start":{"line":115,"column":2},"end":{"line":115,"column":null}},"type":"default-arg","locations":[{"start":{"line":115,"column":22},"end":{"line":115,"column":null}}],"line":115},"12":{"loc":{"start":{"line":140,"column":14},"end":{"line":140,"column":null}},"type":"binary-expr","locations":[{"start":{"line":140,"column":14},"end":{"line":140,"column":33}},{"start":{"line":140,"column":33},"end":{"line":140,"column":null}}],"line":140},"13":{"loc":{"start":{"line":147,"column":2},"end":{"line":147,"column":null}},"type":"default-arg","locations":[{"start":{"line":147,"column":22},"end":{"line":147,"column":null}}],"line":147},"14":{"loc":{"start":{"line":154,"column":2},"end":{"line":154,"column":null}},"type":"default-arg","locations":[{"start":{"line":154,"column":22},"end":{"line":154,"column":null}}],"line":154},"15":{"loc":{"start":{"line":161,"column":2},"end":{"line":161,"column":null}},"type":"default-arg","locations":[{"start":{"line":161,"column":22},"end":{"line":161,"column":null}}],"line":161},"16":{"loc":{"start":{"line":168,"column":2},"end":{"line":168,"column":null}},"type":"default-arg","locations":[{"start":{"line":168,"column":22},"end":{"line":168,"column":null}}],"line":168},"17":{"loc":{"start":{"line":179,"column":2},"end":{"line":179,"column":null}},"type":"default-arg","locations":[{"start":{"line":179,"column":22},"end":{"line":179,"column":null}}],"line":179},"18":{"loc":{"start":{"line":185,"column":2},"end":{"line":185,"column":null}},"type":"default-arg","locations":[{"start":{"line":185,"column":22},"end":{"line":185,"column":null}}],"line":185},"19":{"loc":{"start":{"line":195,"column":2},"end":{"line":195,"column":null}},"type":"default-arg","locations":[{"start":{"line":195,"column":22},"end":{"line":195,"column":null}}],"line":195},"20":{"loc":{"start":{"line":206,"column":2},"end":{"line":206,"column":null}},"type":"default-arg","locations":[{"start":{"line":206,"column":22},"end":{"line":206,"column":null}}],"line":206},"21":{"loc":{"start":{"line":236,"column":2},"end":{"line":236,"column":null}},"type":"default-arg","locations":[{"start":{"line":236,"column":22},"end":{"line":236,"column":null}}],"line":236},"22":{"loc":{"start":{"line":242,"column":2},"end":{"line":242,"column":null}},"type":"default-arg","locations":[{"start":{"line":242,"column":22},"end":{"line":242,"column":null}}],"line":242},"23":{"loc":{"start":{"line":256,"column":2},"end":{"line":256,"column":null}},"type":"default-arg","locations":[{"start":{"line":256,"column":22},"end":{"line":256,"column":null}}],"line":256}},"s":{"0":14,"1":0,"2":14,"3":1,"4":1,"5":1,"6":1,"7":1,"8":1,"9":0,"10":0,"11":0,"12":0,"13":1,"14":0,"15":1,"16":1,"17":1,"18":1,"19":0,"20":0,"21":1,"22":0,"23":0,"24":0,"25":1,"26":0,"27":1,"28":0},"f":{"0":14,"1":1,"2":1,"3":1,"4":1,"5":1,"6":1,"7":0,"8":0,"9":0,"10":0,"11":1,"12":0,"13":1,"14":1,"15":1,"16":1,"17":0,"18":0,"19":1,"20":0,"21":0,"22":0,"23":1,"24":0,"25":1,"26":0},"b":{"0":[0,14],"1":[1],"2":[1],"3":[1],"4":[1],"5":[1],"6":[1],"7":[0],"8":[0],"9":[0],"10":[0],"11":[1],"12":[0,0],"13":[1],"14":[1],"15":[1],"16":[1],"17":[0],"18":[0],"19":[1],"20":[0],"21":[1],"22":[0],"23":[0]},"meta":{"lastBranch":24,"lastFunction":27,"lastStatement":29,"seen":{"f:14:9:14:19":0,"b:15:2:21:Infinity:undefined:undefined:undefined:undefined":0,"s:15:2:21:Infinity":0,"s:16:4:20:Infinity":1,"s:22:2:22:Infinity":2,"f:37:22:37:Infinity":1,"b:38:22:38:Infinity":1,"s:40:2:40:Infinity":3,"f:43:22:43:Infinity":2,"b:45:22:45:Infinity":2,"s:47:2:50:Infinity":4,"f:53:22:53:Infinity":3,"b:55:22:55:Infinity":3,"s:57:2:57:Infinity":5,"f:60:22:60:Infinity":4,"b:62:22:62:Infinity":4,"s:64:2:64:Infinity":6,"f:67:22:67:Infinity":5,"b:69:22:69:Infinity":5,"s:71:2:71:Infinity":7,"f:78:22:78:33":6,"b:78:53:78:79":6,"s:79:2:79:Infinity":8,"f:82:22:82:Infinity":7,"b:84:22:84:Infinity":7,"s:86:2:86:Infinity":9,"f:89:22:89:Infinity":8,"b:91:22:91:Infinity":8,"s:93:2:93:Infinity":10,"f:96:22:96:Infinity":9,"b:98:22:98:Infinity":9,"s:100:2:100:Infinity":11,"f:103:22:103:Infinity":10,"b:105:22:105:Infinity":10,"s:107:2:107:Infinity":12,"f:114:22:114:Infinity":11,"b:115:22:115:Infinity":11,"s:117:2:117:Infinity":13,"f:130:22:130:Infinity":12,"s:133:2:141:Infinity":14,"b:140:14:140:33:140:33:140:Infinity":12,"f:144:22:144:Infinity":13,"b:147:22:147:Infinity":13,"s:149:2:149:Infinity":15,"f:152:22:152:Infinity":14,"b:154:22:154:Infinity":14,"s:156:2:156:Infinity":16,"f:159:22:159:Infinity":15,"b:161:22:161:Infinity":15,"s:163:2:163:Infinity":17,"f:166:22:166:Infinity":16,"b:168:22:168:Infinity":16,"s:170:2:170:Infinity":18,"f:177:22:177:Infinity":17,"b:179:22:179:Infinity":17,"s:181:2:181:Infinity":19,"f:184:22:184:Infinity":18,"b:185:22:185:Infinity":18,"s:187:2:187:Infinity":20,"f:194:22:194:Infinity":19,"b:195:22:195:Infinity":19,"s:197:2:197:Infinity":21,"f:200:22:200:38":20,"s:201:2:201:Infinity":22,"f:204:22:204:Infinity":21,"b:206:22:206:Infinity":20,"s:208:2:208:Infinity":23,"f:219:22:219:Infinity":22,"s:222:2:228:Infinity":24,"f:235:22:235:Infinity":23,"b:236:22:236:Infinity":21,"s:238:2:238:Infinity":25,"f:241:22:241:Infinity":24,"b:242:22:242:Infinity":22,"s:244:2:244:Infinity":26,"f:251:22:251:57":25,"s:252:2:252:Infinity":27,"f:255:22:255:Infinity":26,"b:256:22:256:Infinity":23,"s:258:2:258:Infinity":28}}}
,"/Volumes/SSD_Storage2TB/Users/luisnomad/Projects/SubScript/src/lib/utils.ts": {"path":"/Volumes/SSD_Storage2TB/Users/luisnomad/Projects/SubScript/src/lib/utils.ts","statementMap":{"0":{"start":{"line":5,"column":2},"end":{"line":5,"column":null}}},"fnMap":{"0":{"name":"cn","decl":{"start":{"line":4,"column":16},"end":{"line":4,"column":22}},"loc":{"start":{"line":4,"column":52},"end":{"line":6,"column":null}},"line":4}},"branchMap":{},"s":{"0":904},"f":{"0":904},"b":{},"meta":{"lastBranch":0,"lastFunction":1,"lastStatement":1,"seen":{"f:4:16:4:22":0,"s:5:2:5:Infinity":0}}}
}
